Refresh: Keep Threshold = -3654, total food = 1088 x
Refresh: Keep Threshold = -3462, total food = 1238 x
Refresh: Keep Threshold = -3345, total food = 910 x
Refresh: Keep Threshold = -2124, total food = 767 x
Refresh: Keep Threshold = -1114, total food = 673 .
Refresh: Keep Threshold = -1324, total food = 787 x
Refresh: Keep Threshold = -893, total food = 645 x
Refresh: Keep Threshold = -938, total food = 538 .
Refresh: Keep Threshold = -1338, total food = 559 x
Refresh: Keep Threshold = -1674, total food = 536 x
Refresh: Keep Threshold = -1356, total food = 541 x
Refresh: Keep Threshold = -1720, total food = 508 x
Refresh: Keep Threshold = -1745, total food = 509 x
Refresh: Keep Threshold = -1748, total food = 501 x
Refresh: Keep Threshold = -1579, total food = 495 x
Refresh: Keep Threshold = -1725, total food = 468 x
Refresh: Keep Threshold = -1500, total food = 442 x
Refresh: Keep Threshold = -1460, total food = 431 x
Refresh: Keep Threshold = -1960, total food = 453 x
Refresh: Keep Threshold = -2375, total food = 415 x
Refresh: Keep Threshold = -2272, total food = 402 x
Refresh: Keep Threshold = -1420, total food = 390 x
Refresh: Keep Threshold = -1435, total food = 366 x
Refresh: Keep Threshold = -1288, total food = 391 x
Refresh: Keep Threshold = -1662, total food = 375 x
Refresh: Keep Threshold = -1420, total food = 376 x
Refresh: Keep Threshold = -1457, total food = 314 x
Refresh: Keep Threshold = -1515, total food = 362 x
Refresh: Keep Threshold = -1959, total food = 365 x
Refresh: Keep Threshold = -1677, total food = 368 x
Refresh: Keep Threshold = -1613, total food = 328 .
Refresh: Keep Threshold = -1675, total food = 302 x
Refresh: Keep Threshold = -1988, total food = 319 x
Refresh: Keep Threshold = -2111, total food = 366 x
Refresh: Keep Threshold = -2182, total food = 336 x
rank idx food
-------------
 0   49  1260
 1   49  1258
 2   49  1250
 3   49  1228
 4   49  1215
 5   49  1200
 6   49  1194
 7   49  1187
 8   49  1187
 9   49  1103
10   49  1048
11   49   994
12   49   666
13   49   462
14   49   461
15   49   417
16   49   386
17   49   317
18   49   107
19   49   -24
20   49  -167
21   49  -245
22   49  -338
23    2  -357
24   49  -379
25   49  -387
26   49  -390
27    0  -512
28   49  -817
29   49  -870
30   49  -982
31   49  -985
32   49  -1040
33   49  -1377
34   49  -1459
35   49  -1518
36   49  -1579
37   49  -1682
38   49  -1837
39   49  -1875
40   49  -2077
41    2  -2297
42    1  -2432
43   49  -2506
44   49  -2648
45    0  -2699
46   49  -2758
47   49  -2830
48   49  -2939
49    1  -5512
