Refresh: Keep Threshold = 429
DUMP:  0, 3EFF:21A8 (0000:0000, 2EFE:9490)
DUMP:  1, 2EFE:9490 (3EFF:21A8, 3EFF:0C98)
DUMP:  2, 3EFF:0C98 (2EFE:9490, 2EFE:7A8E)
DUMP:  3, 2EFE:7A8E (3EFF:0C98, 2EFE:C388)
DUMP:  4, 2EFE:C388 (2EFE:7A8E, 2EFE:BE20)
DUMP:  5, 2EFE:BE20 (2EFE:C388, 2EFE:416E)
DUMP:  6, 2EFE:416E (2EFE:BE20, 3EFF:A346)
DUMP:  7, 3EFF:A346 (2EFE:416E, 2EFE:17BE)
DUMP:  8, 2EFE:17BE (3EFF:A346, 2EFE:2C6C)
DUMP:  9, 2EFE:2C6C (2EFE:17BE, 2EFE:DD22)
DUMP: 10, 2EFE:DD22 (2EFE:2C6C, 2EFE:21FC)
DUMP: 11, 2EFE:21FC (2EFE:DD22, 2EFE:31A4)
DUMP: 12, 2EFE:31A4 (2EFE:21FC, 2EFE:FF8C)
DUMP: 13, 2EFE:FF8C (2EFE:31A4, 2EFE:36CE)
DUMP: 14, 2EFE:36CE (2EFE:FF8C, 2EFE:60BC)
DUMP: 15, 2EFE:60BC (2EFE:36CE, 3EFF:36C8)
DUMP: 16, 3EFF:36C8 (2EFE:60BC, 3EFF:897C)
DUMP: 17, 3EFF:897C (3EFF:36C8, 3EFF:B2F0)
DUMP: 18, 3EFF:B2F0 (3EFF:897C, 3EFF:79C6)
DUMP: 19, 3EFF:79C6 (3EFF:B2F0, 2EFE:9EF0)
DUMP: 20, 2EFE:9EF0 (3EFF:79C6, 3EFF:9E26)
DUMP: 21, 3EFF:9E26 (2EFE:9EF0, 2EFE:D2E0)
DUMP: 22, 2EFE:D2E0 (3EFF:9E26, 2EFE:A956)
DUMP: 23, 2EFE:A956 (2EFE:D2E0, 2EFE:756E)
DUMP: 24, 2EFE:756E (2EFE:A956, 2EFE:ECC0)
DUMP: 25, 2EFE:ECC0 (2EFE:756E, 3EFF:841C)
DUMP: 26, 3EFF:841C (2EFE:ECC0, 4F00:060A)
DUMP: 27, 4F00:060A (3EFF:841C, 3EFF:6510)
DUMP: 28, 3EFF:6510 (4F00:060A, 2EFE:8F4E)
DUMP: 29, 2EFE:8F4E (3EFF:6510, 3EFF:CCD2)
DUMP: 30, 3EFF:CCD2 (2EFE:8F4E, 2EFE:FC5E)
DUMP: 31, 2EFE:FC5E (3EFF:CCD2, 2EFE:84FC)
DUMP: 32, 2EFE:84FC (2EFE:FC5E, 2EFE:46C6)
DUMP: 33, 2EFE:46C6 (2EFE:84FC, 3EFF:EBDA)
DUMP: 34, 3EFF:EBDA (2EFE:46C6, 3EFF:507E)
DUMP: 35, 3EFF:507E (3EFF:EBDA, 2EFE:A416)
DUMP: 36, 2EFE:A416 (3EFF:507E, 3EFF:E190)
DUMP: 37, 3EFF:E190 (2EFE:A416, 3EFF:1714)
DUMP: 38, 3EFF:1714 (3EFF:E190, 3EFF:40F8)
DUMP: 39, 3EFF:40F8 (3EFF:1714, 2EFE:E7BC)
DUMP: 40, 2EFE:E7BC (3EFF:40F8, 2EFE:273E)
DUMP: 41, 2EFE:273E (2EFE:E7BC, 2EFE:FFB2)
DUMP: 42, 2EFE:FFB2 (2EFE:273E, 3EFF:4604)
DUMP: 43, 3EFF:4604 (2EFE:FFB2, 3EFF:2C48)
DUMP: 44, 3EFF:2C48 (3EFF:4604, 3EFF:F64A)
DUMP: 45, 3EFF:F64A (3EFF:2C48, 3EFF:93CA)
DUMP: 46, 3EFF:93CA (3EFF:F64A, 2EFE:CDEC)
DUMP: 47, 2EFE:CDEC (3EFF:93CA, 3EFF:C270)
DUMP: 48, 3EFF:C270 (2EFE:CDEC, 2EFE:1CD4)
DUMP: 49, 2EFE:1CD4 (3EFF:C270, 3EFF:1C82)
DUMP: 50, 3EFF:1C82 (2EFE:1CD4, 2EFE:7026)
DUMP: 51, 2EFE:7026 (3EFF:1C82, 2EFE:E254)
DUMP: 52, 2EFE:E254 (2EFE:7026, 3EFF:3BC8)
DUMP: 53, 3EFF:3BC8 (2EFE:E254, 3EFF:7F10)
DUMP: 54, 3EFF:7F10 (3EFF:3BC8, 3EFF:DC72)
DUMP: 55, 3EFF:DC72 (3EFF:7F10, 3EFF:7482)
DUMP: 56, 3EFF:7482 (3EFF:DC72, 2EFE:083C)
DUMP: 57, 2EFE:083C (3EFF:7482, 3EFF:3184)
DUMP: 58, 3EFF:3184 (2EFE:083C, 3EFF:26EC)
DUMP: 59, 3EFF:26EC (3EFF:3184, 2EFE:65E6)
DUMP: 60, 2EFE:65E6 (3EFF:26EC, 2EFE:8A22)
DUMP: 61, 2EFE:8A22 (2EFE:65E6, 3EFF:B80A)
DUMP: 62, 3EFF:B80A (2EFE:8A22, 2EFE:C8DA)
DUMP: 63, 2EFE:C8DA (3EFF:B80A, 3EFF:FEB4)
DUMP: 64, 3EFF:FEB4 (2EFE:C8DA, 2EFE:563C)
DUMP: 65, 2EFE:563C (3EFF:FEB4, 2EFE:6AE4)
DUMP: 66, 2EFE:6AE4 (2EFE:563C, 2EFE:0326)
DUMP: 67, 2EFE:0326 (2EFE:6AE4, 3EFF:D736)
DUMP: 68, 3EFF:D736 (2EFE:0326, 2EFE:D800)
DUMP: 69, 2EFE:D800 (3EFF:D736, 3EFF:A870)
DUMP: 70, 3EFF:A870 (2EFE:D800, 3EFF:98F6)
DUMP: 71, 3EFF:98F6 (3EFF:A870, 3EFF:4B54)
DUMP: 72, 3EFF:4B54 (3EFF:98F6, 2EFE:B8EC)
DUMP: 73, 2EFE:B8EC (3EFF:4B54, 2EFE:7FCA)
DUMP: 74, 2EFE:7FCA (2EFE:B8EC, 2EFE:129E)
DUMP: 75, 2EFE:129E (2EFE:7FCA, 3EFF:D206)
DUMP: 76, 3EFF:D206 (2EFE:129E, 2EFE:B3AE)
DUMP: 77, 2EFE:B3AE (3EFF:D206, 3EFF:5590)
DUMP: 78, 3EFF:5590 (2EFE:B3AE, 3EFF:E6E2)
DUMP: 79, 3EFF:E6E2 (3EFF:5590, 3EFF:ADB0)
DUMP: 80, 3EFF:ADB0 (3EFF:E6E2, 3EFF:8EAE)
DUMP: 81, 3EFF:8EAE (3EFF:ADB0, 2EFE:99CE)
DUMP: 82, 2EFE:99CE (3EFF:8EAE, 3EFF:F124)
DUMP: 83, 3EFF:F124 (2EFE:99CE, 2EFE:AE8A)
DUMP: 84, 2EFE:AE8A (3EFF:F124, 2EFE:F1F0)
DUMP: 85, 2EFE:F1F0 (2EFE:AE8A, 3EFF:6A4A)
DUMP: 86, 3EFF:6A4A (2EFE:F1F0, 2EFE:5116)
DUMP: 87, 2EFE:5116 (3EFF:6A4A, 3EFF:0730)
DUMP: 88, 3EFF:0730 (2EFE:5116, 2EFE:F716)
DUMP: 89, 2EFE:F716 (3EFF:0730, 2EFE:4BE0)
DUMP: 90, 2EFE:4BE0 (2EFE:F716, 2EFE:5B90)
DUMP: 91, 2EFE:5B90 (2EFE:4BE0, 3EFF:5AB2)
DUMP: 92, 3EFF:5AB2 (2EFE:5B90, 3EFF:6F6A)
DUMP: 93, 3EFF:6F6A (3EFF:5AB2, 3EFF:11D8)
DUMP: 94, 3EFF:11D8 (3EFF:6F6A, 3EFF:BD3A)
DUMP: 95, 3EFF:BD3A (3EFF:11D8, 3EFF:FB6E)
DUMP: 96, 3EFF:FB6E (3EFF:BD3A, 2EFE:3C10)
DUMP: 97, 2EFE:3C10 (3EFF:FB6E, 2EFE:0D56)
DUMP: 98, 2EFE:0D56 (2EFE:3C10, 3EFF:C784)
DUMP: 99, 3EFF:C784 (2EFE:0D56, 0000:0000)
DUMP:  0, 3EFF:21A8 (0000:0000, 2EFE:9490)
DUMP:  1, 2EFE:9490 (3EFF:21A8, 3EFF:0C98)
DUMP:  2, 3EFF:0C98 (2EFE:9490, 2EFE:7A8E)
DUMP:  3, 2EFE:7A8E (3EFF:0C98, 2EFE:C388)
DUMP:  4, 2EFE:C388 (2EFE:7A8E, 2EFE:BE20)
DUMP:  5, 2EFE:BE20 (2EFE:C388, 2EFE:416E)
DUMP:  6, 2EFE:416E (2EFE:BE20, 3EFF:A346)
DUMP:  7, 3EFF:A346 (2EFE:416E, 2EFE:17BE)
DUMP:  8, 2EFE:17BE (3EFF:A346, 2EFE:2C6C)
DUMP:  9, 2EFE:2C6C (2EFE:17BE, 2EFE:DD22)
DUMP: 10, 2EFE:DD22 (2EFE:2C6C, 2EFE:21FC)
DUMP: 11, 2EFE:21FC (2EFE:DD22, 2EFE:31A4)
DUMP: 12, 2EFE:31A4 (2EFE:21FC, 2EFE:FF8C)
DUMP: 13, 2EFE:FF8C (2EFE:31A4, 2EFE:36CE)
DUMP: 14, 2EFE:36CE (2EFE:FF8C, 2EFE:60BC)
DUMP: 15, 2EFE:60BC (2EFE:36CE, 3EFF:36C8)
DUMP: 16, 3EFF:36C8 (2EFE:60BC, 3EFF:897C)
DUMP: 17, 3EFF:897C (3EFF:36C8, 3EFF:B2F0)
DUMP: 18, 3EFF:B2F0 (3EFF:897C, 3EFF:79C6)
DUMP: 19, 3EFF:79C6 (3EFF:B2F0, 2EFE:9EF0)
DUMP: 20, 2EFE:9EF0 (3EFF:79C6, 3EFF:9E26)
DUMP: 21, 3EFF:9E26 (2EFE:9EF0, 2EFE:D2E0)
DUMP: 22, 2EFE:D2E0 (3EFF:9E26, 2EFE:A956)
DUMP: 23, 2EFE:A956 (2EFE:D2E0, 2EFE:756E)
DUMP: 24, 2EFE:756E (2EFE:A956, 2EFE:ECC0)
DUMP: 25, 2EFE:ECC0 (2EFE:756E, 3EFF:841C)
DUMP: 26, 3EFF:841C (2EFE:ECC0, 4F00:060A)
DUMP: 27, 4F00:060A (3EFF:841C, 3EFF:6510)
DUMP: 28, 3EFF:6510 (4F00:060A, 2EFE:8F4E)
DUMP: 29, 2EFE:8F4E (3EFF:6510, 3EFF:CCD2)
DUMP: 30, 3EFF:CCD2 (2EFE:8F4E, 2EFE:FC5E)
DUMP: 31, 2EFE:FC5E (3EFF:CCD2, 2EFE:84FC)
DUMP: 32, 2EFE:84FC (2EFE:FC5E, 2EFE:46C6)
DUMP: 33, 2EFE:46C6 (2EFE:84FC, 3EFF:EBDA)
DUMP: 34, 3EFF:EBDA (2EFE:46C6, 3EFF:507E)
DUMP: 35, 3EFF:507E (3EFF:EBDA, 2EFE:A416)
DUMP: 36, 2EFE:A416 (3EFF:507E, 3EFF:E190)
DUMP: 37, 3EFF:E190 (2EFE:A416, 3EFF:1714)
DUMP: 38, 3EFF:1714 (3EFF:E190, 3EFF:40F8)
DUMP: 39, 3EFF:40F8 (3EFF:1714, 2EFE:E7BC)
DUMP: 40, 2EFE:E7BC (3EFF:40F8, 2EFE:273E)
DUMP: 41, 2EFE:273E (2EFE:E7BC, 2EFE:FFB2)
DUMP: 42, 2EFE:FFB2 (2EFE:273E, 3EFF:4604)
DUMP: 43, 3EFF:4604 (2EFE:FFB2, 3EFF:2C48)
DUMP: 44, 3EFF:2C48 (3EFF:4604, 3EFF:F64A)
DUMP: 45, 3EFF:F64A (3EFF:2C48, 3EFF:93CA)
DUMP: 46, 3EFF:93CA (3EFF:F64A, 2EFE:CDEC)
DUMP: 47, 2EFE:CDEC (3EFF:93CA, 3EFF:C270)
DUMP: 48, 3EFF:C270 (2EFE:CDEC, 2EFE:1CD4)
DUMP: 49, 2EFE:1CD4 (3EFF:C270, 3EFF:1C82)
DUMP: 50, 3EFF:1C82 (2EFE:1CD4, 2EFE:7026)
DUMP: 51, 2EFE:7026 (3EFF:1C82, 2EFE:E254)
DUMP: 52, 2EFE:E254 (2EFE:7026, 3EFF:3BC8)
DUMP: 53, 3EFF:3BC8 (2EFE:E254, 3EFF:7F10)
DUMP: 54, 3EFF:7F10 (3EFF:3BC8, 3EFF:DC72)
DUMP: 55, 3EFF:DC72 (3EFF:7F10, 3EFF:7482)
DUMP: 56, 3EFF:7482 (3EFF:DC72, 2EFE:083C)
DUMP: 57, 2EFE:083C (3EFF:7482, 3EFF:3184)
DUMP: 58, 3EFF:3184 (2EFE:083C, 3EFF:26EC)
DUMP: 59, 3EFF:26EC (3EFF:3184, 2EFE:65E6)
DUMP: 60, 2EFE:65E6 (3EFF:26EC, 2EFE:8A22)
DUMP: 61, 2EFE:8A22 (2EFE:65E6, 3EFF:B80A)
DUMP: 62, 3EFF:B80A (2EFE:8A22, 2EFE:C8DA)
DUMP: 63, 2EFE:C8DA (3EFF:B80A, 3EFF:FEB4)
DUMP: 64, 3EFF:FEB4 (2EFE:C8DA, 2EFE:563C)
DUMP: 65, 2EFE:563C (3EFF:FEB4, 2EFE:6AE4)
DUMP: 66, 2EFE:6AE4 (2EFE:563C, 2EFE:0326)
DUMP: 67, 2EFE:0326 (2EFE:6AE4, 3EFF:D736)
DUMP: 68, 3EFF:D736 (2EFE:0326, 2EFE:D800)
DUMP: 69, 2EFE:D800 (3EFF:D736, 4F00:0D32)
DUMP: 70, 4F00:0D32 (2EFE:D800, 4F00:14FE)
DUMP: 71, 4F00:14FE (4F00:0D32, 4F00:1CF2)
DUMP: 72, 4F00:1CF2 (4F00:14FE, 2EFE:0F58)
DUMP: 73, 2EFE:0F58 (4F00:1CF2, 2EFE:4DE2)
DUMP: 74, 2EFE:4DE2 (2EFE:0F58, 2EFE:81CC)
DUMP: 75, 2EFE:81CC (2EFE:4DE2, 2EFE:B5B0)
DUMP: 76, 2EFE:B5B0 (2EFE:81CC, 2EFE:F918)
DUMP: 77, 2EFE:F918 (2EFE:B5B0, 3EFF:0932)
DUMP: 78, 3EFF:0932 (2EFE:F918, 3EFF:4E3E)
DUMP: 79, 3EFF:4E3E (3EFF:0932, 3EFF:6C4C)
DUMP: 80, 3EFF:6C4C (3EFF:4E3E, 3EFF:9AF8)
DUMP: 81, 3EFF:9AF8 (3EFF:6C4C, 3EFF:BF3C)
DUMP: 82, 3EFF:BF3C (3EFF:9AF8, 3EFF:E8E4)
DUMP: 83, 3EFF:E8E4 (3EFF:BF3C, 4F00:2200)
DUMP: 84, 4F00:2200 (3EFF:E8E4, 4F00:29DA)
DUMP: 85, 4F00:29DA (4F00:2200, 4F00:3192)
DUMP: 86, 4F00:3192 (4F00:29DA, 4F00:390C)
DUMP: 87, 4F00:390C (4F00:3192, 4F00:40D0)
DUMP: 88, 4F00:40D0 (4F00:390C, 4F00:4850)
DUMP: 89, 4F00:4850 (4F00:40D0, 4F00:5024)
DUMP: 90, 4F00:5024 (4F00:4850, 4F00:57DA)
DUMP: 91, 4F00:57DA (4F00:5024, 4F00:5F84)
DUMP: 92, 4F00:5F84 (4F00:57DA, 4F00:61AC)
DUMP: 93, 4F00:61AC (4F00:5F84, 4F00:696C)
DUMP: 94, 4F00:696C (4F00:61AC, 4F00:710C)
DUMP: 95, 4F00:710C (4F00:696C, 4F00:78D6)
DUMP: 96, 4F00:78D6 (4F00:710C, 4F00:80B8)
DUMP: 97, 4F00:80B8 (4F00:78D6, 4F00:85EE)
DUMP: 98, 4F00:85EE (4F00:80B8, 4F00:8B0C)
DUMP: 99, 4F00:8B0C (4F00:85EE, 0000:0000)
  0)  55,   525, 40, 56
   M127>15785;249;MD250:3646
   !Op4;311;MS157:32401
   Op4;378;T2E
   !11;239;MD78:4195
   !M60<5777;967;MD177:29707
   M104>13635;195;MD95:12482
   !11;629;MS112:7597
   OmF;501;T3W
   !11;332;T2W
   !11;941;T0R
   !OpR;602;MI209:15918
   !OpL;973;T4E
   !OfF;717;MS20:21923
   !M128=17383;782;MI113:32182
   !F>1415;875;T2W
   11;174;MI84:12208
   11;935;MI207:20970
   OfR;740;MI103:10355
   11;806;T7E
   !M76>1461;587;MS26:5504
   M46>29583;59;T0W
   !Op7;380;T7W
   !11;72;MI13:5653
   11;148;T2S
   !F=811;821;T2E
   Om0;983;MD43:13045
   !11;462;MD190:21461
   !11;149;MI142:3488
   !OmA;638;T7S
   M130<30999;455;T0R
   !F=390;838;MI185:19798
   F<1865;287;MS37:17511
  1)  28,   525,  8, 19
   !OfR;939;MD227:604
   !F<74;154;MS238:7273
   11;505;MS12:25882
   F>680;559;MD47:20933
   !M142<9069;815;MI137:26777
   11;796;T2W
   Op4;688;T7R
   M160=20772;181;T3W
   !Of0;586;T4E
   !M215=30218;631;T3E
   !11;84;MD174:17009
   F=970;100;T5W
   OpR;805;T2R
   !11;240;MI55:15478
   11;771;MD4:4856
   M96=21869;689;MI121:7586
   !M246=20713;698;T2S
   M246=17667;93;MI94:8147
   Of7;238;T4S
   11;585;MD183:9046
   11;186;MS31:20231
   Op7;261;MD184:20733
   !M96>11809;975;MS89:24746
   !M167<4951;494;MI168:32479
   Of4;638;T1R
   !11;218;T3R
   OpR;316;MS189:12428
   !F<928;805;T6R
   11;298;T4S
   M92<27588;933;T7S
   OmR;659;MD194:20120
   F>953;837;MI2:24321
  2)  55,   525, 39, 57
   M127>15785;249;T7E
   F=426;290;MS200:27766
   M172=2298;449;T2R
   !11;188;T7S
   !M60<5777;967;MI78:25239
   11;533;T4S
   !11;629;T2S
   OmF;501;MD81:30220
   M203<13997;669;T7R
   !OmR;941;T0R
   11;602;MI209:15918
   F>173;802;T1E
   !OfF;113;MS20:21923
   11;782;MI113:32182
   OmL;44;MI107:20869
   11;174;T4W
   11;935;T4W
   OfR;287;MI103:10355
   11;91;T7E
   !11;782;T5S
   !F>293;301;T4E
   !11;295;MD138:3801
   !M220<1924;72;MI13:5653
   F<770;957;MS219:20732
   !F=176;111;MI167:436
   M32>24815;983;MD43:13045
   M162>22557;880;MI234:32419
   !M101=4866;374;T3R
   !OmA;638;T4R
   !M118<22660;455;T0R
   !11;911;T2E
   F=1159;294;MS199:11441
  3)  28,   525,  8, 18
   M98=26700;939;MD227:604
   11;493;MD165:29043
   !11;277;T4R
   F=779;502;MI254:7591
   F=998;61;T3S
   11;462;T2W
   Op4;688;MI184:12015
   F<548;469;MI207:25701
   M200<14941;108;T4W
   11;372;MS222:17773
   11;7;MI41:18749
   !11;376;MI8:24317
   !M37>20200;861;MS171:12759
   !11;43;T0E
   11;320;MD4:4856
   M96=21869;689;MS52:25256
   !Op7;618;T4R
   OfF;10;MI90:6848
   OfR;591;MI26:7421
   11;585;MI171:12548
   F<1075;186;MS31:20231
   M121<30298;446;MI229:11151
   !M96>11809;975;T6W
   M243>31172;494;MI168:32479
   M133<13095;632;MD139:17150
   !M108>26006;420;MS103:4062
   OpF;443;T4W
   11;274;MS132:1183
   F>1626;351;T0W
   M92<27588;277;T7S
   OmR;659;MS31:17287
   M137<27271;756;T3R
  4)  51,   524, 15, 40
   !11;586;T0E
   !F=897;378;MS13:12741
   OfF;170;MD108:27051
   11;508;MD186:15241
   Of0;732;T6S
   !OfR;341;MD38:2098
   OfL;883;MI135:12071
   !OmF;125;T7E
   !M244=2905;820;MD172:3637
   OpR;966;T4E
   M220>6295;906;MS140:696
   11;69;MI236:2246
   !OfB;410;MD49:29644
   M222>1902;485;MD88:12833
   11;108;MS39:5338
   !F=550;907;T3W
   !Op6;943;T2E
   !F<1015;213;T2E
   !OfF;576;MD225:15699
   !OmL;42;MD82:13897
   !F<1623;95;T6W
   11;74;MI127:23971
   Of6;334;MS68:6001
   OfL;994;T0S
   M43=4798;230;T3E
   !11;975;MS186:30268
   F=831;665;MD176:13098
   !F<1515;463;MS112:31562
   !OmF;681;T1E
   !11;577;MD184:18864
   !OfL;673;MD195:4559
   OpL;997;MS152:6338
  5)  51,   524, 15, 39
   !11;586;T3W
   !OmL;935;T0S
   !11;587;T2W
   11;6;MD186:15241
   OfR;732;T6S
   !Om1;394;MD191:32082
   OfL;531;MI135:12071
   F=1350;288;MS215:19391
   F>1652;820;MD172:3637
   !F>433;899;T2S
   !11;906;MS140:696
   11;69;MI236:2246
   !OfB;439;MD49:29644
   11;11;MI182:18833
   11;556;MS39:5338
   !F<607;170;T0W
   !F>1345;916;MS169:8912
   M109=30320;550;MD254:21677
   !M238=17590;576;MD225:15699
   !OmL;42;T6E
   !F<1362;155;T0R
   !F>1987;74;MI127:23971
   Of6;334;T1R
   !F<1606;620;MD229:12117
   !OmF;970;T1S
   M179=18442;406;MD125:21142
   11;329;T7R
   11;707;T2R
   !OmF;681;T4W
   !11;577;MD184:18864
   !F<194;673;MD195:4559
   F>1829;315;T1W
  6)   0,   500, 28, 65
   M86=18499;965;T3E
   11;624;T3R
   M204=7197;957;MS193:13929
   11;422;T2S
   !F=1837;88;T5S
   !Om1;862;MI222:706
   M226<13163;645;T7W
   !M106<29807;548;T2S
   M153=24185;142;MD85:16867
   F=167;727;MS234:18191
   !11;502;T1S
   !F=1459;82;T3W
   !OpL;260;T6E
   F<1852;517;T4R
   OmL;716;MI55:25008
   !11;554;MI181:20215
   11;482;MI75:26233
   11;311;MI34:12459
   !11;341;T4R
   M69>18218;82;MI255:16649
   !F<135;160;T6E
   !Om4;382;MD116:26957
   F<40;37;T6S
   !OfR;617;MD122:18127
   11;500;MI42:18509
   11;628;MS229:14403
   OmB;925;MD79:8067
   !F>1317;406;MD124:12585
   11;608;MI211:28932
   11;177;MI161:6626
   M32>3633;908;T4E
   Om2;184;T0W
  7)   2,   500, 31, 54
   11;504;T7R
   11;676;T1W
   !F>1756;182;T3W
   !M197<23057;19;MI170:29290
   !OmA;957;MS4:3187
   M18<23710;369;MI74:21503
   M240>31719;136;MI93:12195
   M229<15855;783;T4E
   !OpR;488;MI1:28671
   OfF;256;MS95:7970
   M21>10064;471;MD139:26854
   M160>29545;126;MD36:31582
   F=1740;24;T1E
   !F<1825;353;MI208:3863
   M172=7875;849;T2S
   F=1610;362;T0W
   M186<18711;770;T7E
   11;724;MD41:25728
   11;480;T1W
   F=1615;684;MD58:31315
   !11;476;MD201:19092
   OpR;973;MD226:10873
   11;359;MD43:1375
   11;973;T3E
   !11;636;T7R
   !M207>13802;863;T2W
   F<1456;276;MI95:19108
   !11;963;T7W
   F<1161;230;T2W
   11;217;MS23:14733
   11;260;MI244:12477
   F<1314;805;MD172:31184
  8)   1,   500, 35, 76
   !11;285;T1S
   !OpR;321;T1R
   !OmF;123;T7S
   !F<1411;742;T2W
   11;654;T3E
   !M130<32103;377;T7E
   F<131;640;MS199:16453
   OfL;64;T0W
   !11;707;MS196:3600
   Op5;829;MI50:26624
   !M211>17233;281;MI213:28883
   !OfF;227;T4E
   F>1772;147;T1W
   11;696;T4R
   !Of4;958;MD30:32401
   !OpR;55;T5R
   !F<1725;402;T1S
   F<183;243;T5E
   !M156>13056;469;MS121:7839
   !F>156;679;T1W
   OmR;476;T1S
   M246=16739;553;T3S
   !F>1899;622;MD133:11303
   M58>28960;98;T5W
   OfB;780;T4W
   !M4<4592;499;MI176:26931
   !M15=29418;395;T0R
   !Op6;208;MS183:22404
   OpF;875;MD246:23415
   F<1147;236;MI126:901
   F=81;521;T5S
   11;801;T6R
  9)  23,   493, 36, 32
   M187<13642;277;T4E
   !M194<32479;964;MD68:12746
   11;37;T2E
   OmF;51;T5R
   !OpF;643;MS15:18007
   !F=1766;41;T0S
   OfF;793;T2E
   !M49=11927;468;MI120:23760
   !OfA;247;T5E
   !F>465;122;T1S
   Of1;598;T5W
   !11;783;MI134:12083
   !M153<6729;750;T6E
   !11;924;MS62:2455
   OmA;193;T1W
   F<1517;181;T0E
   !11;187;MI73:24799
   M63=24881;511;MI49:9661
   !11;939;MI97:4115
   F=416;702;MS215:1580
   !M169<6196;634;T6R
   !F>1437;691;MI143:1206
   M2<13278;207;T0E
   !OfL;685;T4W
   !Op3;259;T1S
   Om4;82;MD154:23564
   !M224=30892;11;MI65:30230
   M85<26104;654;T0S
   M185<7053;497;MI87:18609
   F=670;43;MD237:26274
   M151>7462;327;T4R
   11;726;T2S
 10)  23,   493, 35, 31
   11;451;T3R
   !M194<32479;964;T0R
   11;721;T6E
   !M150<733;886;T2R
   !M96=20633;793;T5R
   !F=1766;41;MD68:12103
   M151>9633;793;T2E
   M8=31628;560;MD234:30746
   !OfA;491;T5E
   !F>465;276;T1S
   !11;479;T2R
   !11;783;T4R
   F<266;111;T6S
   OpR;434;MI142:29559
   !M107>14928;785;MS210:31424
   !M249>11338;696;MD31:3884
   F=1045;187;MI73:24799
   M63=24881;511;MD113:23687
   !F<1327;469;MI186:14261
   !F>805;829;MS236:11122
   !11;733;MD212:30984
   !Op6;320;T0S
   !11;207;T0E
   11;109;T5R
   !M176>31942;555;MD204:29713
   !OmR;146;MS93:7774
   F<1996;719;T4S
   !M141>2207;188;T3R
   !M244>23483;603;T7R
   OpF;709;T1W
   M151>7462;206;T4R
   !F>1618;69;MD227:12853
 11)  37,   488, 35, 40
   !OfR;399;MD243:18287
   OfB;332;MD101:11576
   11;218;T2R
   11;1;MS162:15111
   !F=79;39;MD210:23341
   !OpR;690;T2E
   !F>1426;748;MI79:27526
   Of3;763;MI96:3038
   !M59>17230;244;T5R
   !M1=13259;333;T4S
   !F<102;492;MS111:22686
   M125<19000;327;MD157:14055
   OpA;326;MD68:25483
   !F<503;991;T2E
   !M195>27336;621;MS27:20729
   M27<26148;97;MI82:6295
   11;135;T2W
   !11;390;MS173:14463
   F=1885;767;T7S
   !F<983;105;T0R
   !M6<26028;916;T2R
   M1=4070;940;T6R
   OpA;792;MS216:26663
   !M60=14170;522;T0S
   !F<202;4;T1E
   !OfL;207;MS138:8937
   11;258;T4R
   !M197>14508;254;T1W
   !F<1735;472;T5S
   11;72;MS20:8921
   !OfL;183;MD140:11423
   !11;909;T1S
 12)  37,   488, 34, 40
   !OmF;114;MS207:2320
   OfB;315;MD101:11576
   Om5;218;T2R
   !OmR;591;T5E
   !M221<22195;288;MS110:2808
   11;690;T2E
   11;748;MI79:27526
   M68=14888;823;MD203:7535
   !M59>17230;244;MD149:4692
   11;553;T6E
   !M29=17404;209;MD102:14984
   M125<19000;484;MD157:14055
   OpA;951;MD68:25483
   !Of7;838;MS136:26211
   11;649;T2R
   !11;97;MI82:6295
   !11;135;T2W
   !M5=7813;284;T4R
   F=1885;209;T7S
   OpF;974;T1R
   M140=14469;806;T4S
   OmL;941;MD158:24454
   !11;786;T6W
   !M189>1314;971;MD1:29780
   !F<202;764;T1E
   !OfL;940;MS138:8937
   11;258;MD10:1479
   !M197>14508;254;MD146:298
   F=1678;232;MS103:14769
   !OpL;72;MS20:8921
   !OfL;432;MD140:11423
   F=1259;264;T1S
 13)  12,   480, 16, 21
   !11;681;T2E
   !F>209;484;T6E
   Op1;744;T1W
   !F=1252;799;T0S
   11;785;MI163:10629
   F>925;137;T2S
   !M177<13762;925;MD134:6002
   F=357;200;T2E
   !M255>30681;559;MS199:26221
   OpL;716;MS225:17900
   !F=260;667;T4E
   !F>1106;308;MD245:32489
   !F>1974;39;MD220:9450
   !F<1241;658;MI89:13783
   11;821;T3E
   OmL;851;MS13:27499
   F>1239;295;MD14:31598
   11;208;MD163:10140
   !M71<9534;139;T6E
   Of5;959;MD145:14441
   !F=396;641;T4E
   M165>21069;836;T4R
   11;639;T1S
   M36>13634;153;T7R
   11;541;MS151:13003
   M9>26993;260;T0W
   OpF;168;T7R
   !F=1255;780;MS230:10596
   !F=1136;753;MS174:16998
   M110=23510;255;MI255:29830
   !F=811;489;MD187:14359
   !F>1961;768;MS198:27878
 14)  36,   480, 23, 43
   !OpL;649;MD81:15818
   M44=21024;796;MD134:23543
   11;204;T7E
   !F=889;317;MD218:19251
   !F<856;25;MS98:11324
   !F>845;87;T3E
   !11;317;T0W
   !11;493;MS234:4441
   OpF;648;T6E
   F>359;355;MS174:21404
   Of4;777;MS224:21706
   !11;725;MS177:28069
   !F=1413;102;MD251:7536
   M250>25369;904;T1E
   !OfL;571;MS54:27904
   !M134>18683;927;MS40:8093
   !M217>13858;894;T1E
   M215>12648;673;T3S
   !Op2;428;MS176:9395
   !OmR;905;T5S
   F>127;797;MI248:24204
   !M174<12164;733;MD126:3432
   !11;859;T2R
   !F>139;788;T0E
   OmF;349;MS205:17101
   !M140<3345;27;MI33:18905
   !M88=10794;873;T2S
   !11;273;T2R
   !11;483;MI157:19096
   M103=23907;976;MI5:18140
   !F=675;774;MS131:20624
   OmL;974;MS185:9582
 15)  12,   480, 17, 22
   !11;681;MS122:14440
   !Of5;101;T4E
   Op1;604;T1W
   Om1;882;MI143:2604
   OmA;785;MI163:10629
   F>925;934;T2S
   !M177<13762;925;T0E
   F=357;174;T2E
   !OfR;559;MS199:26221
   M183<24351;552;MD38:27108
   !F=104;667;T4E
   !F>1106;51;MD245:32489
   !F>1974;661;MD220:9450
   !F<1241;261;MI89:13783
   !OpA;208;T4W
   F>1147;832;T7W
   F<101;171;MD246:18516
   11;208;MS24:15671
   M237<780;691;T4W
   Of5;959;T3E
   11;107;MI92:12544
   !M52>22533;836;T4R
   11;639;T6W
   M36>13634;153;MS225:25015
   !OfF;501;MS222:6342
   !M166>17611;260;T0W
   OmR;827;T4S
   !F=1255;285;MS230:10596
   11;331;T7R
   F=1292;744;MD97:13690
   F<1023;346;T6R
   !F>1961;768;T0E
 16)  36,   480, 23, 42
   F>978;939;MS4:31780
   M44=21024;561;MD134:23543
   OmL;204;T7E
   OmF;583;T7W
   !11;25;MS98:11324
   !F>845;87;MD51:18202
   !11;317;MD217:5387
   F<754;435;MD121:2228
   !11;743;MD42:35
   !11;714;T4S
   F=209;777;MS224:21706
   !11;725;T5E
   !F=1413;102;MS0:22319
   !11;655;MS224:6559
   OfF;571;MS54:27904
   !M134>18683;304;MS40:8093
   Of2;894;T1E
   M215>12648;673;T5E
   !M213>16164;780;T1S
   !OfF;979;T3R
   M47>16495;797;MI248:24204
   !M174<12164;16;MD126:3432
   !11;859;MS121:13026
   11;788;T0E
   !11;377;T6W
   F>1095;661;MI239:24793
   !M88=10794;885;T2S
   11;579;MS190:8754
   !F>1666;483;MI157:19096
   F=972;976;MI5:18140
   OfL;665;T6W
   F=172;879;T4S
 17)  80,   479, 26, 52
   !OpR;749;T0E
   11;288;T3W
   !F<1162;473;MD35:30073
   !Of5;259;T4E
   F<886;879;T1S
   !11;200;MS32:6067
   !11;666;T7E
   !F>1070;609;MS87:24249
   OmF;758;MD125:14654
   !11;385;MS163:26707
   F<463;309;T4S
   !M20=26932;194;MS216:18841
   M189=17596;695;MI19:1848
   OpR;414;T2S
   11;978;MS30:26703
   F>609;197;MS86:9467
   M16=21363;510;MD189:24938
   !11;699;T5W
   Of0;388;T1R
   M150=11755;342;MD98:13410
   F=1762;703;T5E
   M242>1520;341;MS1:10445
   OfA;686;T2W
   F<359;62;T2R
   !11;148;MI150:990
   OfF;255;T3W
   M64=4661;950;MS248:768
   !F=1689;856;T0E
   !Of7;566;MI164:1303
   !OmF;696;MD30:21696
   11;46;MS38:9929
   !OpL;818;T3S
 18)  80,   479, 27, 51
   !OpR;975;T0E
   F<486;433;MS154:6441
   F>1942;995;T4W
   F<1266;75;T1R
   !F=27;245;MS171:1235
   F<774;200;MS32:6067
   M79<4437;421;MS110:25758
   !F>1070;609;MI243:6793
   !11;190;MS114:29429
   !11;377;MS163:26707
   !F<1001;574;MI180:31915
   F<835;194;MS216:18841
   M189=17596;863;MI19:1848
   F>1732;419;T6W
   !M195>17337;518;MS193:13126
   11;197;MS86:9467
   !OfR;510;MD189:24938
   !Op1;699;T5W
   !11;27;T6R
   M150=11755;873;MD98:13410
   F=1762;703;T4W
   F<761;341;MS1:10445
   11;44;T2R
   !M108=21894;330;MD176:9795
   M220<15970;235;MS216:11911
   Om5;163;T0W
   M64=4661;830;MS248:768
   OpL;998;T3E
   11;566;MI164:1303
   11;696;MD30:21696
   !M205<26722;46;MS38:9929
   11;683;MS113:20122
 19)   4,   478, 46, 75
   OmA;603;T2R
   M30=1891;418;MI0:10388
   M125>29129;397;T3W
   !11;606;MI198:29680
   !M204=25235;197;T4R
   !11;690;T3R
   !11;252;T5W
   !11;271;T1R
   Of7;622;T7W
   !11;45;T7W
   Of1;130;T3R
   F>150;369;MS147:24458
   F>1653;394;MD152:18492
   !11;236;MS160:21475
   !M127<5751;419;MD227:725
   OmR;832;T3E
   !11;112;T3R
   !OpF;355;MD5:30874
   !M198=20122;44;MI178:4433
   11;330;MI233:30952
   !M145=22666;306;T3R
   !F>1449;48;MI56:505
   11;300;T4E
   Op0;765;MD206:6839
   F=1748;915;T5S
   !11;713;T4S
   M199=30861;806;MS6:30884
   OmF;760;T7S
   !OmL;756;T6W
   F<167;284;MS159:1070
   !F=1054;55;T3S
   OpF;265;T6E
 20)   4,   478, 45, 75
   F=940;603;T2R
   Of6;167;T3R
   !OpF;544;T2E
   !11;992;MI198:29680
   !M204=25235;197;T6S
   11;367;MS229:31162
   !F>1579;776;T3E
   !F<968;271;T1R
   11;984;T1S
   !11;45;MI106:24385
   !M63<29966;130;T3R
   F>150;804;MS147:24458
   !OpR;78;T5S
   !11;395;MS160:21475
   F<1011;829;T5W
   OmR;877;MS183:8397
   !11;112;MI106:18898
   !OpF;371;MD5:30874
   !11;435;T6W
   OfA;829;MS144:6298
   !F<1041;116;MD232:31188
   !F>1449;48;T1R
   !Op2;339;T2W
   Op0;765;T0W
   OmR;329;T3S
   !Om2;678;T5W
   M199=30861;806;MI117:10077
   !F<1638;572;T3E
   M129=30023;494;T1R
   F=428;368;T1R
   !F=1054;529;T3S
   11;612;T0E
 21)   8,   476, 38, 26
   !11;19;MI101:16277
   !M80>32370;711;T5S
   M199=31462;187;T5S
   !OfB;686;T5S
   !M47>31584;655;T3W
   !11;857;T2S
   !11;450;MD194:13356
   OpR;7;T0S
   F=27;205;MD89:30842
   !F<1862;567;MS78:14094
   Op7;784;T1R
   11;475;T4E
   !11;299;MI188:5027
   !M26=17181;807;MS164:3986
   OmA;816;T2R
   M45<22618;87;MI155:4719
   M29=5807;370;MD136:3219
   M198=29155;919;MS126:31477
   !F<486;295;MI229:7418
   !11;758;T6W
   Op0;462;T3W
   Op4;966;T1E
   !Of3;72;T4S
   M234>24523;370;T0S
   11;550;MS146:5415
   !F<778;348;T0W
   M222>15732;958;T3W
   M70>32500;965;MD86:26719
   !M85>30976;311;MI7:30875
   M107<7911;375;T7S
   11;842;MD99:9733
   F>1004;858;T5W
 22)  42,   476, 48, 62
   M165>4201;751;T4E
   OpL;369;T5S
   !M45<7048;880;MS122:9969
   !11;997;MD214:5671
   !F<641;555;T3E
   OmC;346;MI56:27707
   F<1005;36;MI240:21543
   !M255<26030;205;MS33:18736
   11;53;T7E
   F<1339;605;T5R
   !F=663;78;MD133:29852
   !M104<16093;857;T2S
   !11;661;T7W
   !M201=14822;899;MD59:6187
   M35>21027;385;T4W
   !11;626;T1R
   11;918;T2E
   M148=28938;561;T6W
   11;992;T2E
   Op1;686;MI168:24411
   F=712;742;T3W
   M240<22948;587;T2E
   !OmL;870;MS148:9675
   !11;270;MD80:4577
   OfF;722;MI78:20975
   OpR;11;T5E
   F<606;894;MD82:4242
   !11;470;MI139:19057
   F<1220;386;MI9:3557
   !OpF;109;MS88:10000
   !OmL;468;T4S
   !11;742;MS95:12376
 23)   8,   476, 38, 27
   M157<5742;961;MI50:13768
   F<1776;682;T0W
   F>1622;700;T5E
   !Op3;941;T1R
   !OfL;518;T3S
   !OmL;638;MS56:10420
   !11;784;MD194:13356
   F<278;570;MS38:8938
   F=27;205;T6R
   !OfR;567;MS78:14094
   Op7;784;T5S
   11;140;T4E
   !M82=6972;223;T4S
   !M119<9141;334;MS40:2257
   !OpR;709;MD181:27200
   F=223;87;MI155:4719
   M29=5807;150;MD136:3219
   11;919;MS126:31477
   !M68<22332;797;MS94:21044
   11;610;T0W
   Op0;462;MI83:5870
   M15<31103;488;MS166:31250
   !F<1771;881;T1S
   !Of4;370;T0S
   11;550;T4W
   !F<778;348;T0R
   11;958;T3W
   M70>32500;965;MS215:298
   !M85>30976;311;T1S
   M107<7911;375;T0S
   11;503;MD99:9733
   M102>28874;858;T5W
 24)  42,   476, 48, 61
   M165>4201;751;T7E
   !OmC;237;MD60:21071
   11;860;T2W
   M67>20324;997;MD214:5671
   !F<641;555;MD117:18352
   M189=2770;507;T1S
   !M79=6535;36;MI240:21543
   !M255<26030;989;MS33:18736
   11;53;T3E
   11;153;T7W
   !11;649;T7R
   !F<132;930;MS105:48
   11;991;T6S
   Om1;899;MD59:6187
   OpR;567;MD248:19085
   !11;626;T6S
   Om5;938;T5W
   11;574;T1W
   M185=1180;897;MD166:19237
   Op1;686;MS237:28041
   !F<1324;219;T5S
   M120=9420;555;T3R
   !F<831;870;MS148:9675
   M49=22750;346;MI22:29182
   OfF;722;T2S
   OpR;264;T5E
   F<606;980;MD82:4242
   M25<25368;905;MD62:8042
   11;517;T0E
   11;807;MI132:893
   !OmL;468;MD211:12395
   !11;742;MI250:6847
 25)   6,   474, 15, 66
   !F=1302;25;T2E
   11;553;T5E
   !M138>7815;446;MI114:11866
   !11;464;T6R
   Of2;721;T1W
   11;52;MI87:13992
   !11;255;MS189:25916
   !M207=3585;954;MS108:11680
   !M73>5200;611;T7E
   M139>14429;583;MS89:26810
   !F>68;531;MD91:30424
   !OmR;941;T4W
   !M181=6459;369;MS79:16776
   F>846;377;MI32:9646
   11;736;T5E
   !F>62;912;T6S
   F>1575;432;T6R
   M105<12711;662;T4E
   Of7;865;T1S
   F<713;449;T3E
   11;553;MD124:30865
   11;325;MD13:30396
   !M3<15071;345;MD11:32124
   !M10<19109;857;MS238:22457
   !F=770;670;T6R
   OpF;325;T0E
   M204=29355;574;MD91:26004
   !11;559;MS219:21004
   M20>31965;717;MS16:17355
   !11;770;MS246:27603
   !OfL;185;T3E
   F<1879;832;T4E
 26)   9,   474, 27, 14
   11;298;MS203:10735
   !11;542;T7S
   11;586;MI54:19417
   !OpL;390;T4S
   F=674;170;T6W
   !Om4;558;T4R
   !F>681;555;T4W
   !M161=13848;617;T7S
   !F<1247;770;MD221:28595
   OfR;260;MS41:3026
   !F=1763;969;MI136:9957
   11;590;MD213:15439
   Of1;277;T4S
   !Of5;479;T1R
   !M190=32617;390;T6W
   F>1962;818;MI142:5092
   F<162;827;MS10:6850
   11;839;T4E
   OmF;50;T7R
   11;546;T3W
   11;397;T7S
   M80>28967;725;MD167:26638
   !F>1454;501;MD32:26450
   !OfR;550;MI224:21370
   !F=651;801;T6S
   M101>18714;751;T0E
   OfL;933;T1E
   11;925;MI123:20536
   M157<14581;781;T1S
   !F>852;406;T7W
   !F=1043;446;T0R
   11;736;T4S
 27)  49,   474, 49, 11
   M37=26309;923;T6R
   11;481;T1S
   M159=4019;686;T6S
   M227=21926;647;MS186:15967
   !M106<10951;648;T7W
   M93=30372;21;MI33:29483
   !OfL;426;T4E
   M174=13068;264;MI248:30420
   F>348;659;T1S
   OmA;358;MI144:10099
   !OpR;555;MD0:5455
   11;543;T2W
   Om0;135;T4S
   M79=10376;201;T6W
   11;744;T1E
   !F=1606;399;T0S
   !F=165;246;MS228:4566
   M73<14195;390;MI218:17097
   !11;800;MD106:30231
   OfR;711;MI203:28006
   !11;279;T6W
   M48<21110;645;T6S
   OmR;612;T6W
   Om6;321;MD135:31189
   OmL;756;T2R
   M174>30376;932;MD217:8978
   !OfA;473;MD95:15017
   M56<8881;690;MS59:18465
   OpL;620;T0E
   11;725;T4R
   F>1299;325;MI137:9930
   11;726;T0E
 28)  49,   474, 48, 12
   !OmR;709;MI112:12476
   OpL;481;T1S
   M159=4019;686;T5S
   M227=21926;896;MS186:15967
   !M106<10951;732;T7W
   M93=30372;570;MI33:29483
   !11;812;T6R
   M174=13068;37;MI248:30420
   11;659;T1S
   M176<23253;805;T3W
   !OpR;555;T4S
   !11;271;T2S
   Om0;135;MI68:17447
   !F<587;201;T6W
   !11;73;MS104:10595
   !F=1606;88;T0S
   !F=165;246;T1R
   F>963;582;T3R
   !Om2;800;MD106:30231
   !OfA;312;T6S
   !M206<16822;279;T6W
   OfF;792;MD162:7531
   !M227<6491;209;MD121:32321
   !11;416;T3R
   F>1793;280;MS254:547
   M166<6113;932;MD217:8978
   !OmC;473;MD95:15017
   F=1136;190;T1S
   !F<692;890;T2E
   F>788;384;MD72:21609
   M149=6889;817;T3S
   11;806;T0E
 29)   6,   474, 16, 67
   !F=1302;25;MS79:17570
   !11;161;T2S
   Om2;788;T0S
   !OfL;36;MD55:1767
   !M127<10719;648;T2W
   !11;335;MI132:5694
   OmR;255;MS189:25916
   !M207=3585;954;T2S
   11;611;T7E
   !M6<1013;583;MS89:26810
   M53>11298;454;MD12:13773
   11;734;T6W
   11;404;MS196:23087
   OfL;377;MI32:9646
   11;736;T0W
   F=753;211;MD16:11835
   F>1575;447;T6R
   F<302;662;T4E
   11;865;T1S
   F<713;274;T3E
   M221<27088;833;MD157:12528
   M142>13975;325;MD13:30396
   !M3<15071;546;MD11:32124
   M147<1055;391;MD192:12020
   !F=770;670;T3S
   M109>4718;325;T0E
   !Op7;448;T5E
   F=1006;559;MS219:21004
   11;569;MI79:28486
   !11;770;MD2:32487
   !F=57;848;MS66:303
   F<1879;903;T4E
 30)   9,   474, 28, 14
   !11;423;T6W
   F<1405;222;T4R
   11;72;T6W
   OmL;947;MD217:29934
   !M159<25738;170;T6W
   M67>28286;794;T2S
   !F>681;476;T4W
   !F<550;617;T7S
   !11;51;MS23:32189
   OfR;260;MS109:5793
   !F=1763;403;MI136:9957
   !M117>5252;632;T0W
   OfF;277;T4S
   !F=1685;159;T6R
   !F<1005;915;MD98:4998
   !M4<15940;217;MD72:25574
   F<898;6;MD57:20734
   !11;877;MI224:28391
   !F<1693;557;MD131:10029
   F>181;44;MS46:25310
   11;486;T7S
   OfL;862;T4W
   !F>1454;501;T2R
   !F=1461;227;T0S
   !F=651;801;MI30:31147
   M55>5535;206;T5W
   OfL;933;MI109:20899
   11;469;MI123:20536
   11;568;T7R
   !11;307;MS249:14818
   !M40<844;469;T5E
   !F=1401;16;T1E
 31)  18,   472, 48, 71
   !M228=252;935;T3S
   11;593;T6E
   !M69>7412;259;T0W
   OfL;53;T7S
   !11;783;T6E
   !M161=14018;960;MS135:18825
   M125=10754;918;MI96:4420
   !F=134;43;T2W
   !11;285;MI164:4409
   M172=14880;395;MI166:27780
   !M202<4900;563;T6W
   Op5;579;T2S
   !OfR;367;T5E
   M240>8932;163;T2S
   F=251;803;T5W
   M34>15880;770;MD155:153
   F=930;787;MD249:18726
   Om6;691;MS43:19482
   F<1504;554;T0S
   !11;579;T1W
   11;938;T0W
   11;856;MI134:24026
   !Om2;801;MS47:5720
   !F<956;519;T6S
   Op7;380;T1R
   !11;85;T5S
   11;94;MD50:22069
   !M179<12890;611;MD193:30497
   M38=19128;823;MD163:20478
   F>232;600;T6W
   OmA;208;T1S
   !F>457;29;MI166:1424
 32)  10,   472, 30, 18
   !OpR;251;T2R
   F>1145;744;MD236:19678
   Op2;254;T3W
   !Om5;736;MD22:13996
   !M156=20839;103;T3S
   11;920;MD173:32047
   !11;215;T6W
   OfL;731;T0W
   11;326;MI241:30179
   !11;415;T2S
   !M100=5135;886;MS49:1471
   !M32=5986;330;MI129:8900
   !F=822;0;MS84:5032
   !F>749;768;T6S
   !11;655;MD73:18832
   11;98;T3S
   M134>23960;78;T4R
   OfL;219;T4S
   11;786;MI72:25342
   M187=14061;256;T5W
   OfB;483;MS168:16499
   M158>6687;181;MD116:14947
   !OfF;310;MS87:3636
   !F=1717;942;T3W
   !OfL;788;MD147:27444
   !F<132;480;MS118:15256
   F=1509;997;T6R
   !M96<26741;511;T5E
   M37>32168;437;MD68:28051
   F=774;536;MS33:17858
   Of3;853;MD188:18146
   11;981;T6E
 33)  18,   472, 49, 70
   !M228=252;935;T7S
   !F>348;13;T3S
   F=1411;76;MI119:21364
   OfL;53;T6W
   !11;783;T6E
   !11;83;MS225:18029
   M125=10754;918;T2R
   F>1700;135;MD216:18380
   !F<1632;285;MI164:4409
   !F<621;750;MD21:16905
   !M202<4900;808;T6W
   Op5;579;T4R
   11;367;T5E
   M9>25566;405;MS204:15308
   F=251;803;T1S
   M34>15880;770;T7S
   F=930;787;MS104:10865
   !M205>12927;691;MS43:19482
   F<1504;554;T1S
   11;509;T2S
   11;563;T3W
   !Op6;856;MI134:24026
   !Om2;801;MI188:18489
   !11;816;T7W
   OmL;259;T5R
   M152>17153;5;MD129:9052
   11;94;MD50:22069
   !M193<21081;611;MD193:30497
   11;411;MD116:7398
   F>232;795;T6W
   F>1093;208;T1S
   !M9>12496;29;MI166:1424
 34)  10,   472, 30, 18
   !OpR;32;T2R
   OmF;652;MS27:13992
   OmL;719;MS157:23162
   !Om5;736;T6E
   OmL;427;MS44:5648
   11;679;MI121:14596
   11;902;T4R
   OfR;813;MS38:16822
   OmF;863;T3R
   OmF;415;T2S
   !OmF;886;MS49:1471
   !M32=5986;64;MI129:8900
   !OmF;0;MS84:5032
   !Op6;580;MD169:7125
   11;655;MD73:18832
   11;321;T3S
   !11;505;MS35:27838
   M251<1201;160;MS38:17569
   !Om2;499;MD54:2375
   M187=14061;256;T0W
   OfB;877;MS168:16499
   M158>6687;897;MD116:14947
   OmR;310;MS87:3636
   OfL;137;MS134:26601
   !11;670;MS251:31432
   OfB;480;MS118:15256
   11;968;T4S
   !M96<26741;511;T4R
   M140<19569;677;MI213:2507
   F=774;536;MS104:21623
   M145>11634;749;MS59:6189
   11;981;T6E
 35)  75,   471, 14, 16
   OfL;299;MS7:1707
   !M5>12148;284;MI240:20187
   !OpR;259;T2E
   F>370;910;T2E
   OmB;639;T3S
   Op7;706;MD154:25960
   !OpL;146;T0W
   M57>8329;960;MI161:5952
   Of3;19;MI220:25753
   OpF;286;T6R
   !11;107;MS109:6867
   M18=32276;444;MI3:12769
   OpL;500;MD64:18359
   Om7;662;MI10:10002
   11;988;MI164:4166
   11;399;T2S
   !OpF;8;T4R
   !M45<11892;551;MI195:10167
   !F=1768;975;MD252:7241
   !11;342;MD249:18900
   !Op4;401;T1S
   !F<489;981;T4R
   !F<183;282;MI185:22495
   11;248;MS34:16155
   OpF;71;MD44:20761
   !OmL;889;T4S
   11;480;T1W
   11;623;MD156:24237
   Of7;537;T1E
   M194=13463;124;T4E
   !M147>18435;516;T4S
   !11;253;MI82:13967
 36)  83,   471, 15, 45
   11;547;MD65:8151
   !11;599;MI232:16734
   !OfL;851;MS245:15132
   Op4;165;MD157:14311
   !11;834;MI56:28656
   !M114<8489;889;T2S
   11;361;T6S
   !11;75;MD246:13581
   !F=1520;888;T1E
   Of1;38;MD165:27187
   !F<1627;736;MD133:3554
   !F<1154;819;T1R
   F>1638;145;MI250:5532
   11;417;T7R
   !M165<13230;234;T4W
   !F>1933;939;MD18:23494
   F<354;781;T7W
   11;732;MI249:11905
   !11;70;T3W
   Op3;363;MI61:7437
   11;277;T7S
   !OmF;276;MI123:18251
   11;422;MI98:195
   F>244;280;T6R
   11;202;MD226:12532
   !Om1;204;T1R
   !OpF;762;T3S
   11;210;T6E
   !OpF;145;T5S
   OpR;667;T0W
   OfL;873;T3E
   !M37=15312;331;MS76:979
 37)  59,   471, 41, 15
   !11;951;T7S
   !OmA;983;T3W
   !F<88;549;T1S
   Op2;147;T2S
   11;505;MD247:17137
   F=1953;132;T4R
   !11;721;MI91:8717
   M49>23126;169;T5S
   11;741;MS41:27572
   OfF;784;T7R
   !OfA;573;T6S
   !OmL;584;T7W
   11;221;T0E
   OfR;966;T4E
   !M89<24259;484;T1S
   F>1380;18;MD99:19243
   OpL;346;T4R
   M126>26658;973;MD116:12338
   11;935;MS58:14078
   M34<43;890;T7R
   OfA;707;T3W
   OpL;501;MS171:29492
   F>1089;914;T6E
   11;623;MD75:5981
   !11;334;MI0:21483
   !M163=16198;735;T3S
   F>1175;332;MI193:12442
   !M31>25287;782;T3E
   Op0;824;T7E
   !11;620;MI138:30217
   !11;907;T7E
   !F<1101;372;T5R
 38)  72,   471,  5, 38
   F>37;212;T3E
   11;740;MI220:15985
   F>79;529;T1W
   M185<23804;753;T3S
   M99>14587;354;MS151:25856
   !M95=25922;200;T5W
   F>1986;389;MD233:9704
   !M45>30166;319;MI145:4651
   !F=26;788;MS204:8290
   !11;762;T6R
   !M74>1050;745;T0W
   !F>1288;724;MS18:1754
   F>1071;911;MI13:13121
   !F=482;835;T1W
   F>964;357;T6E
   M245<9369;975;MD27:1253
   F=1411;649;T2W
   M104=12306;457;MS197:28192
   !11;616;T6W
   !OfF;591;T3E
   M137=18556;919;T1W
   !11;176;T6R
   F=1203;795;MD222:29667
   !F<1016;435;T1E
   F<969;298;T0S
   F=1053;439;MD128:503
   !11;527;MD206:9588
   !OmR;675;T0E
   !11;49;T3R
   !F=1600;675;MD156:4544
   OpL;653;MD139:31979
   !F<1285;358;MI103:6074
 39)  72,   471,  6, 38
   F>37;212;MS93:9414
   11;69;MI140:16949
   F>79;529;MS45:25176
   11;677;MD177:4138
   M99>14587;411;MS151:25856
   M103=244;18;MS206:13199
   F>1986;389;MD119:17676
   !M45>30166;319;T6S
   !F=26;240;MS204:8290
   11;282;T4W
   !M74>1050;745;T6S
   !11;758;T6S
   F<1305;911;MI13:13121
   !F=482;708;T1W
   !F<612;524;MI10:11431
   !11;594;MI13:9564
   !F=213;266;MS55:27756
   F>957;793;T7R
   OmR;549;T7W
   !OfF;591;T4W
   11;149;T1R
   11;356;T0E
   F=1203;795;T6E
   !F<1016;435;MI18:18738
   !M0>11084;175;MS104:27408
   F=1053;439;T4W
   11;151;MD221:10197
   !OmR;599;T0E
   F<1440;864;MI196:7176
   !F=1600;675;T0S
   !OfL;938;MS145:17983
   OfL;382;T6W
 40)  59,   471, 40, 16
   !11;951;MS116:14205
   11;403;T5W
   !F<88;549;T0W
   OmC;334;T7S
   !11;505;MD247:17137
   !F>835;794;T7E
   11;721;MI91:8717
   !F<167;169;T5S
   M250>25705;531;T4R
   OfF;784;T1S
   !OfA;573;MS67:10843
   !M68=32206;363;MD90:3541
   M136<2139;221;T0E
   11;545;MS136:22160
   !11;71;T4E
   !F<1126;821;MI117:24168
   OpF;671;MI193:24034
   11;688;T1S
   OpR;666;T2R
   M34<43;973;T7R
   !11;707;T3W
   !M159<6422;678;MD150:22351
   F>1089;932;T6E
   !11;626;MS5:28186
   !M142=32038;27;T7R
   !M25<5152;293;MS107:29483
   !F=1910;617;T6R
   !11;369;T7S
   !M134=19388;421;T1E
   !F=1125;620;MI138:30217
   !11;907;MI95:6394
   M235=26679;585;T6E
 41)  75,   471, 14, 17
   !M24<27150;299;MS7:1707
   !M5>12148;865;MI240:20187
   M244=508;259;T2E
   !11;193;MI235:3729
   F<466;412;MS218:8732
   !OpR;101;MI224:29922
   !OpL;519;T0W
   M94>12067;960;MI161:5952
   11;176;T5W
   !Om1;286;T6R
   !F=801;287;MI23:2666
   !OfL;444;MI3:12769
   Om2;49;MI9:11065
   F<356;412;T0S
   11;988;T3W
   F<1001;740;T5W
   !OpF;860;T4R
   !M45<11892;538;MI195:10167
   !F=1768;667;MD252:7241
   11;181;MS114:12025
   11;362;T7E
   11;287;MD117:560
   !11;496;T1R
   11;248;MI30:18722
   OfF;71;MD44:20761
   !F<859;960;T0E
   F>578;103;T2S
   11;175;T5R
   Of7;919;T1E
   M194=13463;124;MD225:12414
   !M147>18435;411;T4S
   !M58<21082;978;MS146:16854
 42)  83,   471, 16, 45
   11;572;MD65:8151
   OmF;599;MI232:16734
   !M99>8430;820;T1S
   11;505;MS17:26398
   OmL;834;MI56:28656
   !F>844;717;T2R
   11;255;T6S
   M151=24072;728;MS103:29682
   !F=1520;534;T1E
   !Of2;38;MD165:27187
   !F<1627;965;MD133:3554
   !OmF;862;T2E
   F>1427;464;MS197:26253
   11;268;T7R
   !M165<13230;91;T4W
   F<211;705;MD189:4373
   F<354;96;T7W
   11;713;T6W
   F<1232;44;T1S
   Op3;363;T3E
   M102<10981;277;T7S
   Om7;288;MI39:27191
   11;422;MI51:12481
   OfL;627;T6W
   M200>18104;627;T1S
   !Om1;204;MI52:15670
   !11;478;MS117:31131
   !F>1665;431;T6W
   !OpF;611;T5S
   OpR;667;T1S
   OfL;104;T3E
   Of5;346;T1W
 43)  30,   470, 12, 40
   !F>72;352;MS254:5560
   !F>1588;480;MS97:11878
   !F<472;320;T6E
   !F=45;114;T7W
   !M43<16474;373;T2E
   !11;601;T4R
   F>1059;395;T5E
   M170>23206;717;MI236:8146
   M218=25967;962;T2E
   11;264;T6S
   !M145<32002;574;T2W
   M68>26589;739;T0S
   !F>1014;758;MD221:31602
   !11;200;MS117:29353
   M244>9154;2;MS188:28568
   !11;42;T6S
   !M255=2011;717;MI21:32055
   OfA;886;MD244:7155
   Of0;141;T0E
   !11;536;MS37:23686
   M142=10463;42;MD57:9115
   F>1379;992;MI89:6491
   M90>16075;401;MI202:13918
   F>862;817;T4S
   11;257;T4R
   11;825;T7S
   F=1137;569;MS248:22138
   !OfB;425;T0R
   !OpR;51;MI36:19601
   !OpR;75;T1S
   !M29>4418;745;T7E
   !F<1131;565;T4S
 44)  30,   470, 13, 40
   !F>72;352;T7W
   !F>1588;447;MS97:11878
   !F<472;647;T6E
   !F=45;897;T7W
   !F>1090;373;T2E
   !11;601;T0E
   F>1059;395;MI194:28051
   F>1149;213;MD8:4250
   M218=25967;962;T0R
   M108<27753;264;T6S
   F>401;574;T2W
   M68>26589;739;MI111:20707
   !Of2;758;MD221:31602
   Om1;572;MS204:9864
   11;820;T2W
   !11;42;T2R
   M136<17999;717;MI21:32055
   !M202>21044;886;MD244:7155
   Of0;141;MS191:1156
   !11;362;MS37:23686
   Op5;304;T0W
   F>1379;992;MI56:4256
   11;550;T1S
   F>862;660;T4S
   F>1998;922;T6S
   !OfL;399;T0W
   F=1137;511;MS248:22138
   !OfB;75;T0R
   !F<1083;123;MS85:24024
   !OpR;42;T1S
   11;745;T7E
   !Om7;656;T4E
 45)  79,   469, 28, 52
   !M215<12575;165;MS103:6813
   F=696;273;T0E
   !11;213;T7W
   Op1;466;MD25:31844
   !F<1536;443;MD160:11799
   M165=1457;814;T6R
   M207<13366;630;T3W
   F>1065;675;T7S
   !OpR;751;MD216:24633
   M145>17445;438;MI162:32330
   !F>1871;347;T6R
   F>1829;353;MS231:26429
   M23<21451;154;T0S
   M236<32193;904;MS220:19447
   !11;338;T2E
   !F=221;714;MS21:169
   !F=552;754;T7S
   11;98;MD214:4069
   11;638;T6W
   OfA;142;T0W
   !F>414;430;MS222:31771
   OmR;391;MI96:15468
   11;315;MD180:27187
   M242=17084;779;MS237:6848
   OpA;338;T0R
   !11;753;T3R
   !OmR;992;T5S
   F<1932;126;T5R
   11;47;MI103:8
   M173<5384;455;T5R
   !Of1;373;MD14:9543
   !Of6;72;T0R
 46)  40,   469,  2,  1
   F>1899;153;T2S
   !F=652;688;MS64:12668
   !11;566;MI122:6554
   11;676;MI15:19808
   11;106;T3W
   !M250=10727;681;T4W
   !F<528;445;MS248:15960
   !M146>28995;437;MS86:40
   !11;658;MD116:22861
   M16<30809;882;MD67:184
   !11;319;T1E
   Op5;827;T7W
   !Op3;667;T6W
   M113<26248;442;T1S
   !11;101;MI67:15194
   F<89;81;T1W
   Of0;848;MD72:25999
   !M173=10677;379;T7S
   M219=19676;173;MI62:7422
   M197>22558;841;T2S
   11;790;MS120:3540
   OfF;876;T4R
   !F=250;230;MD132:24601
   OpL;109;MI220:9863
   !F=103;38;MD132:17496
   11;82;T7S
   !11;95;T7W
   !11;10;MD10:27836
   !11;946;T7E
   !M140<8187;280;T2R
   !F<1771;530;MS14:29760
   OfA;869;T6R
 47)  32,   469, 14, 30
   F<1214;68;MI161:22796
   !F<273;224;MS98:11451
   OpA;336;MI211:15334
   OmR;326;T6S
   !OpF;921;T6E
   !11;499;T2R
   !11;983;T5R
   !OmF;170;MS197:20851
   OfL;146;MS110:1837
   !11;123;MI127:29139
   !11;192;T5W
   !M2>10366;695;MD57:13093
   OfF;486;MS123:17016
   !OmC;831;MI53:326
   !M130<9318;923;T5E
   M157=16672;62;MI57:17429
   M233<18095;931;T5E
   11;138;T7S
   11;936;MS81:19153
   !OfR;318;T6S
   !M173=30680;325;T0S
   !11;582;T1E
   M130>14509;670;T5W
   F<1238;869;MS193:4008
   11;397;MD16:2329
   !M126<23056;205;T1S
   F<1737;105;MD160:9217
   !Of1;820;MS100:13001
   !F<78;374;T3W
   M26=25274;154;T7S
   !M35>29006;3;MI225:24688
   OpF;528;T0S
 48)  40,   469,  3,  1
   Op5;344;T3W
   !OfR;752;T4S
   11;455;T5S
   !M186=19320;505;T1S
   OmA;281;MS120:24219
   !F>764;682;T0S
   !11;188;T0R
   11;785;T2E
   !11;321;T7W
   M16<30809;882;MI76:21092
   !11;213;T1E
   Op5;827;T4E
   Op3;187;MI248:9102
   11;169;T1E
   !OmR;811;T2E
   !M9>2570;725;MD22:10934
   F>640;15;MD65:17382
   M64>23678;316;T6E
   M249<14396;510;T0W
   !F<305;841;T2S
   !Op2;790;MS120:3540
   !F>1103;435;MS73:17931
   !F=250;230;T5E
   !11;489;T5E
   M200=28759;326;MI247:20450
   11;773;T6W
   !11;624;MS239:8306
   !11;10;MS44:25512
   !M60<18080;114;MD24:25148
   !M140<8187;364;T2R
   !11;530;MS14:29760
   !F<996;481;MD228:9306
 49)  32,   469, 14, 31
   F<1214;891;MI161:22796
   !F<842;366;MD79:12754
   !F>455;20;T4E
   OmR;459;T6S
   M65>13564;881;T7W
   !11;912;T2R
   !11;700;T5R
   OpL;544;T2W
   OfB;911;T6W
   !11;123;T3S
   !M81>3332;837;T7W
   M124=6791;695;MD57:13093
   OfF;131;MS123:17016
   !OmC;492;MI53:326
   !F=43;388;MS228:19810
   !F<1064;589;T3E
   !F=101;931;T5E
   !Om0;509;T7E
   !M237=3319;433;MI61:16015
   !OfR;649;MI183:5601
   !M173=30680;276;T0S
   !11;582;T3R
   !M146=1294;857;MI55:12103
   !11;6;T3W
   !M166<5790;304;MD0:23627
   M159<28827;182;T2E
   M188=4867;770;T3W
   M173>21525;820;MS100:13001
   F=1256;374;T3W
   !M221<5425;154;T7S
   !M193<16916;528;MS213:26415
   !11;528;T0S
 50)  79,   469, 29, 51
   OmB;254;T4E
   F<269;273;T0E
   11;213;T7W
   F=1945;466;MD25:31844
   !F<1536;443;MI68:28077
   !11;354;T4W
   !M242=9752;877;T7W
   11;218;MD3:16413
   11;735;MD212:2451
   M145>17445;735;MI162:32330
   F=125;347;T6R
   F>1829;353;MI59:18409
   M23<21451;27;T0S
   !11;52;MS162:21681
   OfF;696;MD7:17026
   !F>226;440;MI18:13882
   !F=552;966;T7S
   11;98;T3E
   F<1575;881;T5E
   !F<368;267;MI29:13125
   11;401;MS233:17474
   !11;203;MS116:20628
   !11;384;T7E
   !F>1144;649;T6E
   !M205<6237;257;T4S
   !11;753;T6R
   !F=1551;992;T5S
   M155>18412;126;T5R
   11;474;MI103:8
   M173<5384;788;T5R
   !Of1;533;MD14:9543
   !OmA;189;T1R
 51)  22,   468, 49, 12
   Om1;606;MD23:20768
   !F=1888;577;MS152:9574
   F<1234;556;T5R
   11;281;T4W
   M89>20287;800;MD152:9240
   M130>7500;919;T6E
   OfL;251;T1R
   OmL;0;T6W
   11;558;MS147:20707
   M48>19684;816;T6S
   M109<25549;108;MS217:15089
   !M107>2670;291;T1S
   !M53<30174;602;MS17:29919
   11;629;MD59:29202
   M189>17395;991;T4W
   OmL;133;T6E
   M149<8308;861;T1W
   OpF;327;MD42:8567
   !11;290;T1W
   11;398;T0E
   !F<806;522;MD146:29710
   !11;204;T0S
   !M219>9386;958;MS197:22738
   !F>1433;495;MI21:13570
   11;282;T4R
   F>714;314;MD59:8643
   M254<25;473;T1E
   !F>53;569;T6S
   F>477;869;T6R
   M16<18421;97;MD215:9842
   !OmL;802;T5W
   !Op2;805;T3W
 52)  22,   468, 49, 11
   !OmF;606;MD23:20768
   !M136<1490;693;T3S
   F<1234;761;T5R
   !F<1067;963;T0S
   Op0;974;MD63:17759
   M119<14958;423;T1R
   !F=530;859;T1R
   Op4;0;T6W
   11;558;MS109:17050
   M48>19684;265;T6S
   M2>23405;574;MD242:30486
   !M41>3469;291;T1S
   !M53<30174;546;MS17:29919
   11;790;T5E
   OpC;991;T4W
   F<646;309;T1E
   11;12;MI172:17851
   !11;67;T7E
   !OmF;247;MS5:22803
   !OmR;770;T7S
   !F<806;548;MD146:29710
   F>1704;653;T1S
   !M219>9386;958;T0W
   F<902;852;MI181:19628
   F<76;282;T4R
   Om2;812;T2E
   !M122>18312;473;T1E
   !F>53;782;T6S
   !11;630;MD139:3780
   M16<18421;97;MI96:3994
   !11;802;T5W
   !F>999;805;T3W
 53)  45,   466,  6, 31
   M103>23759;611;T1S
   Of1;782;MS205:18097
   !F<1901;293;T7R
   !11;199;T5S
   11;668;T2E
   M175<23106;710;T6S
   !M95=881;486;MI255:20526
   M237>21698;650;MI202:5763
   !11;763;MD65:12800
   11;49;T6R
   !11;60;MD147:22872
   !F>1730;999;T4W
   !OfR;434;T6R
   11;742;T5S
   !Om3;922;MD53:31779
   OpF;752;MI95:32128
   F=312;252;MS84:1064
   !OpF;103;MI43:31986
   !OpC;429;MS114:16158
   !M77<28928;11;T5R
   M74=13586;816;MI44:29701
   !M141<21556;89;MI151:19936
   !M137>27076;594;T6E
   OmR;225;MD48:9844
   !Om3;788;T0S
   F=56;365;MS95:27970
   !F>332;605;T1E
   11;122;T3W
   !OpR;238;MS41:29866
   !F<927;814;MD241:12148
   !OfR;106;MS117:10718
   11;241;MS227:3838
 54)  74,   466, 49, 17
   !F>1029;871;MS104:2638
   11;109;T4E
   F>170;986;MS211:9340
   OpR;289;MI21:20240
   !11;901;T3R
   !11;345;T3S
   OfF;635;T5E
   M51>23606;475;MI107:15865
   F<884;644;T2R
   F<825;372;MI100:5538
   !11;739;T7W
   !11;394;MS227:24586
   !Om3;323;MI89:15275
   Op7;604;MD90:3343
   !OfL;636;T1W
   11;935;T4R
   OmF;24;MI8:9262
   F>33;929;MD161:1555
   !M132>9599;494;MD115:18363
   !M37=23944;894;MD17:2370
   !11;349;MS222:6184
   !M80<17445;35;MI204:22493
   Om5;333;T6W
   M109<30965;825;T1W
   !F=1331;526;MI185:13126
   !11;795;MS230:2892
   M33=1427;6;T6E
   !OfC;764;T1W
   OfF;641;T3W
   M83>14271;658;T2W
   !F=57;923;MS80:19611
   Om4;928;T6E
 55)  99,   466, 41, 29
   !11;186;T1S
   !M6<320;931;T5S
   !11;761;MS172:13312
   !11;76;T3E
   !11;752;MI57:15077
   11;403;T6R
   !11;858;MD205:3504
   !OmL;351;MS78:18774
   !M25<7012;64;T1R
   !M84<31020;111;T1E
   OfL;750;T7E
   !F>764;170;MS107:23370
   !F=288;9;MI254:15720
   OpB;506;MD142:23843
   11;500;T0W
   !11;675;MS10:8535
   11;905;MI133:22275
   !F=468;710;MD177:17738
   11;90;T5E
   !M147<12372;131;MS131:23203
   OpR;992;T2R
   !OpL;70;T0S
   OpF;257;MI23:20125
   !M142>2491;587;MD72:20451
   !11;779;MD99:15571
   !M142>15996;398;T3E
   11;852;T1S
   F>556;120;MS88:7199
   !11;79;T4S
   !11;177;T4S
   Om5;847;MD46:27891
   F=1950;215;MS49:26767
 56)  45,   466,  5, 31
   11;611;T1S
   !F=1453;927;MI66:20704
   !F<1901;765;T7R
   OfR;182;MS126:13445
   !Om6;668;T2E
   M243<5388;861;MS65:7610
   M57>27880;580;T4S
   !11;501;T0W
   11;646;T1E
   11;49;T6R
   !11;60;T0W
   OmF;168;T5W
   !M53=14206;434;T6R
   11;742;T0E
   M245=12947;937;T5E
   !11;629;MI92:7270
   F=1725;147;MS142:13761
   !OpF;312;MI43:31986
   !OpC;816;MS114:16158
   !OfL;843;T1S
   M209<27490;547;MD118:23012
   !M141<21556;89;T2R
   !M137>27076;594;MS216:17124
   !OmL;653;MD169:8954
   F>1413;874;MD236:12525
   F=56;365;MS218:7587
   !F>332;264;T1E
   !OmR;845;T5E
   M204>7338;652;T3W
   Om1;975;MI228:28060
   !OfR;106;MI67:31036
   F=335;411;T7R
 57)  74,   466,  0, 18
   Om6;851;MS114:27617
   M55<10542;109;T4E
   F>170;826;MS211:9340
   !F>762;289;MI21:20240
   M138<28275;682;MI53:30671
   !OmF;30;MI179:17239
   !M156<29212;664;T5S
   !11;943;MD95:32691
   11;123;T2W
   M173<12048;372;MI100:5538
   !11;739;T2R
   !11;394;T5W
   !Om3;264;MI89:15275
   Op7;405;MD90:3343
   !F=1818;375;MS129:23018
   !OmR;879;T5W
   OmF;237;MI8:9262
   F>1527;169;T0W
   !11;494;MD115:18363
   M170=22082;738;MI89:19111
   !11;715;MS222:6184
   M163>29519;103;T4S
   !11;333;T6W
   M109<30965;825;MD144:29843
   !OpR;724;MS97:21028
   !11;305;MS230:2892
   M33=1427;559;T6E
   M242<25212;285;T3S
   M239=10016;247;MI44:5976
   M83>14271;78;T2W
   11;849;MD119:7646
   Om4;928;MD125:13033
 58)  68,   465, 32, 71
   !11;45;MS36:3066
   !Op2;641;MS60:23385
   !11;388;T6E
   !OmL;794;T7E
   !F>1836;32;MS113:1109
   F<1546;441;MD227:27531
   !F<188;112;T7S
   !F<1780;135;MD52:6864
   F>147;887;T6W
   M51<27432;856;MS198:26814
   !M140<12259;634;T3W
   F=342;343;MD156:25226
   !M166=10654;759;MD110:3258
   OpL;733;T3E
   !11;524;T1S
   !M39>27987;92;T4R
   !OmA;575;T2E
   F>1034;824;MD105:23441
   !11;145;T0R
   11;436;MD101:18710
   !11;739;T1S
   OpL;55;T0S
   !M245<26666;616;T5W
   M40=17589;848;MS239:5089
   M60>32703;651;T0R
   M17=9452;323;T0W
   !11;903;MS57:18123
   OmL;10;MD219:1285
   !F>65;874;MS57:24326
   11;985;MI25:12671
   !11;337;T5S
   !F<144;31;MI12:26585
 59)  88,   464, 30, 62
   !F<650;951;MD9:4109
   !F>440;800;MS62:32038
   11;259;T6E
   M30>12475;314;MI79:9891
   !OfL;462;T3S
   !M24>32504;91;T3W
   F>1927;201;MI94:20620
   OfF;473;MS135:11271
   11;39;T6E
   OmL;172;T5R
   F>1233;998;T4W
   !OpF;78;MI117:18890
   !11;524;MS192:21694
   M105>2051;289;MD51:14526
   11;849;MI187:400
   !11;331;T2W
   !11;64;MS1:3608
   !F>1950;830;T0S
   !F=1822;771;MD219:30623
   !M239=20636;777;MD234:5185
   M241>11352;702;MI164:18431
   !11;201;MI127:22568
   OmR;948;T5W
   !Op4;908;T7E
   !M170=32029;477;MS181:6472
   !11;871;MI221:26575
   !OmF;225;T3W
   F=197;168;MS97:4063
   11;473;T7R
   !11;15;T6W
   !11;633;T7W
   Of5;569;MS252:21110
 60)  27,   464, 48, 46
   11;399;T7W
   !F=610;506;MI50:7963
   11;963;MI208:5123
   M225=7476;243;MD243:23786
   !OpL;61;MD127:10535
   !OpL;177;T3E
   !11;213;T2W
   !11;347;T1E
   !11;295;MD219:2347
   !OfF;707;T6R
   !M93<20017;687;T7S
   !F<1403;670;T0S
   !11;70;MS192:5392
   !Om1;470;T0W
   !M13<16228;875;MD154:8716
   OfF;257;T0E
   !M140<5283;675;MD225:31039
   !M77>7354;45;MI93:7994
   !F=109;854;MS8:1052
   !OpF;306;T5W
   OfF;586;T7E
   !F=1781;46;T4R
   !M230=7146;555;MD155:25441
   !F>105;756;MI59:21850
   M242<5473;157;T3E
   !Om3;656;T0R
   F<518;927;T1S
   !Om7;287;MI31:2262
   !F=1340;292;T1R
   !M168>28782;42;MD113:11302
   M235<21410;435;MI151:7151
   !M40=10494;426;T7E
 61)  13,   462, 34, 11
   !M61<4523;765;MD98:138
   11;690;MI187:24484
   11;612;T2S
   !F=539;861;T2S
   Op7;825;MI249:8436
   !F=4;341;MS203:7482
   !F<1913;333;T3E
   !OfF;381;MS165:5667
   Of2;998;MS191:3060
   !11;369;T6E
   11;403;T4W
   M73=31218;94;MD199:22132
   M4=5397;209;MS132:27842
   !OmR;555;MS152:26345
   !M238>23206;235;T7S
   !M253<24231;175;T7E
   !OfR;382;MI136:26140
   11;452;T7E
   11;724;T5W
   !F=1398;354;T3E
   !11;4;MI208:9320
   11;132;MI38:15787
   !M134>20576;173;MI114:19253
   !OmR;450;MI45:17266
   !Om6;518;MI77:20266
   OfF;569;T6E
   OfL;428;T6E
   11;541;T4R
   !OmL;633;T7R
   11;136;T3E
   OpF;440;T2R
   11;351;T4W
 62)  25,   462, 36,  3
   F=1313;856;T2E
   !F>564;326;MI23:20746
   M17>27240;239;T6E
   11;895;T1W
   11;45;T3E
   !11;942;T1E
   OmF;795;MI245:13063
   !11;131;T0R
   11;211;T6W
   !11;751;T4S
   !F<18;433;T4E
   M217=32645;981;T5E
   Op0;626;MI237:13293
   Om5;91;MI131:8701
   !F>500;253;T2W
   !F=737;495;T5W
   11;384;T3S
   !M243>4139;859;MI189:13512
   11;614;MI217:21847
   Om7;217;T4R
   !OpL;191;MD99:26840
   M252=24654;914;MD241:24959
   !F>167;189;MS21:11801
   !M166>26388;581;T6E
   11;667;MI204:6597
   !M248=20993;710;MS226:24192
   M69=24164;811;MI243:11001
   F<318;30;MS55:30583
   11;555;MD238:4518
   !OpF;382;T1W
   !M125=23099;640;T6R
   !11;629;T6R
 63)  48,   462, 26, 25
   OfF;139;T4E
   OpL;469;T2W
   M93<19751;255;MD68:14608
   11;693;T7W
   Op7;118;T2W
   !11;570;MI62:6984
   11;794;T6S
   !M57=2319;157;MI219:31896
   M79<23382;700;MI179:10630
   !F=134;31;MD8:2360
   F>394;138;MD4:5010
   !F=758;577;T5R
   11;609;T4E
   M82<7400;471;MD226:26114
   11;181;MI96:8608
   !11;551;MD105:3141
   !11;21;T3W
   !11;992;T3S
   Of1;242;MD95:14633
   M15=9151;498;MI10:13015
   !OmR;91;T7W
   !F>839;71;T6W
   !OfR;746;MD66:20096
   !F>844;269;MD183:3555
   !11;79;MI59:8046
   !M186=19270;784;MD65:24150
   M189>116;318;T0E
   F>1838;647;MI22:22803
   OmR;561;T3W
   !M116<7780;519;MD188:8786
   11;354;T6W
   11;209;MS63:12968
 64)  94,   461,  5, 46
   F=346;221;MI134:5104
   M251=32586;342;MS187:7419
   M158>30620;253;MI56:13783
   OpR;418;T7S
   F<1296;407;MS245:16560
   F=1601;615;MI52:4002
   !Om1;367;MD168:10972
   !M70<7171;913;T7W
   F=388;875;MS234:29765
   !F<997;239;MD9:2670
   11;756;T7R
   !F>411;802;T5R
   11;92;MD92:13533
   !OpR;641;T4S
   !F>812;883;T5S
   F=1577;351;T3S
   OpR;197;MD149:29497
   !F<640;53;MI103:24139
   !M240>3894;983;T0S
   Op5;392;MI168:24120
   F=294;520;T7E
   M175<14610;537;T2E
   M32=21232;708;T3R
   !F<1174;6;MS137:15860
   11;965;T4E
   !F=1553;381;MI172:3494
   !OfL;654;MS201:4998
   !11;261;MI60:24153
   11;207;MS52:27624
   11;274;T2S
   11;505;MS172:11645
   F=1736;699;T0R
 65)  64,   460,  1,  2
   !11;369;MD142:7490
   11;91;MS29:11479
   !F<728;52;MI75:23612
   !F<793;102;T4S
   !11;292;T6E
   F<340;950;T0S
   !OmR;269;T6R
   Of2;611;MI174:20323
   !11;110;MI135:28285
   11;214;MI152:29896
   F<715;173;T1S
   M138=16957;476;T3S
   !Om5;459;T4S
   !M152<8251;270;T4E
   M220<9011;118;T5S
   !11;543;T6R
   !M53>16970;738;T4W
   !OfL;861;MI93:8451
   11;428;T4R
   !F>1029;210;T3W
   11;731;T1E
   M216<20226;922;T2W
   M175<22636;197;T1S
   11;19;MS104:11152
   11;26;T1E
   !F<84;718;T2W
   !Op4;916;T3E
   Of3;143;T2W
   !11;438;MD225:17772
   F=833;844;MI82:28596
   !OfL;234;MD162:10223
   !OfF;546;MD108:23538
 66)  31,   459, 26,  0
   !F<1338;483;MI112:22750
   !11;33;T3R
   !OmF;993;T3E
   Op1;616;T3S
   !OmC;920;T6S
   !M237<4530;771;T5W
   11;915;MD153:27201
   11;394;T5S
   !M61=18992;564;MS110:20580
   11;552;MS139:27771
   !F<704;653;T5E
   F>1668;742;T0R
   F>1744;993;MD162:16621
   !M177=26602;624;T7W
   !F<1819;127;MD149:19044
   M25<22373;633;T4R
   !OfL;823;MD220:20962
   !11;715;MS68:17208
   M27>11361;570;T6E
   OfF;405;MI24:24393
   M250<17265;567;T7W
   11;65;T2R
   M233>14656;852;MD65:23668
   11;471;T4S
   !11;229;MD22:2901
   11;434;T2R
   11;796;MI161:30737
   F>515;966;MI216:13916
   F<1927;479;MS99:31054
   Op4;502;MD2:16182
   !M226<1877;904;MS217:16601
   F=883;2;T5E
 67)  92,   457, 30, 34
   !F>177;594;T3W
   F<641;333;MD177:10154
   !11;863;T1E
   F>1012;523;MI95:5768
   11;25;MI159:11202
   Of6;778;MD200:3852
   M240>26485;402;MD129:15884
   M187=9645;298;T3E
   !M107<5271;913;T6W
   OpL;780;T6S
   OpF;250;MD102:32713
   M205<24779;475;T1R
   !F=1863;925;T7W
   !OfB;499;T0S
   F=1527;430;T0R
   F>176;254;MI111:25805
   !F=1361;702;T7S
   F=459;39;MI227:5847
   M255>14199;110;T0E
   !11;430;MD139:12984
   11;948;MD96:21900
   Op5;212;MI229:17340
   M43=19411;960;T2S
   F>1750;248;T5E
   !11;180;MS171:30159
   !M48<9805;475;MI98:32709
   Om1;397;MS168:5901
   M139>11818;803;MS200:25247
   M193>9594;202;MS142:15105
   !11;696;MS226:12164
   !F<1253;116;T5R
   11;256;T3R
 68)  53,   456, 14, 54
   M237>18785;728;MD108:1875
   !Op4;133;MI39:29006
   F=987;924;MS255:30332
   !OpL;908;T0W
   !M185>28711;722;MI225:30701
   F>350;912;MS228:15546
   !11;932;MS145:2968
   !M46<31384;789;T6W
   !M61<14603;312;MD17:533
   !F<1129;663;MD160:25735
   !M236=28084;474;MI41:21363
   !M227<7421;875;MS242:28247
   OpA;32;T3W
   !M152<32108;775;T4S
   !11;51;MD105:15645
   !M111<1016;780;T6W
   F>1091;834;T0W
   M238>14382;111;T6W
   !F=942;412;MI221:8602
   M116=14659;4;T0S
   11;683;MS181:29469
   !11;890;MS60:15096
   F>444;130;MD49:7177
   11;278;T4W
   !F=832;441;T0S
   !OpC;723;T7R
   F<1305;804;T0S
   !M212>141;295;MS82:6053
   !OpB;243;T6S
   11;695;MI157:24611
   Of6;284;T6S
   !M173<4431;781;MS191:20655
 69)  61,   456, 33,  8
   11;273;MI32:20953
   !OmL;409;MI191:6801
   F>13;433;T7E
   Om1;785;MS3:19140
   !M5<24038;48;T7S
   !F=295;948;MI162:23275
   11;830;T4W
   11;818;T4E
   !F=1908;280;MI205:2566
   !11;482;MD22:5973
   !F>0;500;MS150:9085
   F>482;53;T4W
   F<714;252;T6E
   11;560;T3W
   !OpL;128;T0R
   11;684;T5W
   Of1;343;MI18:21191
   11;278;MD203:28482
   11;83;MI198:24620
   !F<161;872;T1W
   !M44<13081;152;T3R
   !11;471;T7W
   M221<5050;764;MI54:1499
   !11;354;T4W
   11;805;T1E
   !OpF;110;T0S
   !M52>13496;808;MD106:13904
   11;429;T0R
   !M60=645;563;MI56:24940
   !OmF;140;T4E
   Of3;573;MI108:20219
   Of7;109;T4S
 70)  44,   454, 25, 61
   !M230=23423;741;T2R
   Op6;974;MI224:17737
   !M11>25551;191;MD22:609
   !Om1;269;T7E
   OpL;610;T4R
   11;84;MD109:25388
   !11;384;T0E
   OpR;913;T7R
   OpF;987;T1W
   OfL;644;MI178:9821
   F<1104;749;T2S
   11;622;T4W
   F<793;717;T4S
   M10>29913;440;T4S
   M224<27411;794;T0E
   11;596;T7S
   !M74>10023;30;T6W
   !F>1940;176;MI232:21802
   !11;824;T0S
   F=28;64;T7S
   !OpR;646;T4E
   !OmL;677;MI152:13032
   F<712;440;MD225:11046
   !11;642;T2S
   !F=1220;952;T4S
   M41<8943;979;MD73:26276
   F>1368;768;MD93:1862
   OmL;900;MI197:21661
   11;903;T7R
   11;947;T1W
   !11;190;MS198:31649
   F=1469;589;T3R
 71)   7,   453, 31, 43
   !OfF;664;T2R
   M216>28521;748;T3S
   11;4;MI117:13786
   !11;501;T1R
   !11;959;MD156:19175
   11;98;MI242:22973
   !Op2;475;MD229:15295
   M9>4290;965;MI175:6258
   !11;61;MI133:31504
   M59>32045;538;T1S
   F=508;889;T4R
   11;31;T3S
   F>1761;485;MI44:14549
   F<1058;253;MD29:9983
   Op7;59;T2W
   !11;705;MS102:5609
   11;873;MD130:4592
   11;172;T4S
   !11;753;T2W
   !11;615;MD52:10678
   !F>924;606;MD226:7812
   M245>11210;776;MI152:29941
   11;950;T3W
   F>1888;948;MI46:13539
   !Om5;313;T7S
   !M192>7610;581;MS235:6353
   !M102=26320;231;T5E
   OpR;244;MS32:1319
   !11;149;MD152:20740
   F>417;920;T1W
   !OfC;855;T6W
   11;749;MI91:20148
 72)  67,   453,  8, 40
   M183=5755;758;T7W
   F=425;907;MD213:13680
   11;320;T0S
   !11;7;MS155:28266
   M21<4824;925;T2S
   !M119>13193;259;T1W
   M98=26873;133;MD133:28899
   11;592;MD134:147
   F<649;834;MD123:24256
   F>1525;336;T4W
   !F>935;102;T0S
   F=1097;149;MD67:27899
   11;983;T3W
   !OpF;999;MI117:23511
   F<1173;931;MD158:12087
   F<1513;777;T1S
   11;602;MI220:18971
   !11;909;MI4:11574
   F=482;345;MS132:31559
   OmL;634;T7S
   !M96=26031;263;MI194:10817
   11;19;MD63:29424
   !11;82;MD250:30293
   Om1;320;T6E
   !11;760;MS139:4004
   M255>768;722;MS242:26067
   !M145>21113;216;T0E
   11;635;T4R
   OmF;0;MD192:12889
   F=1394;984;MS96:20741
   !M245>1325;717;T1W
   OfR;993;T7R
 73)  62,   452, 39, 79
   11;292;T7R
   !OpL;580;MD142:20763
   !11;776;MS45:1855
   !11;901;T7R
   !F<914;225;MS4:6615
   !F=357;42;T4E
   !M58>20183;119;T6W
   M51=5665;713;MS229:32662
   11;620;MD127:6904
   OmL;890;MD141:30840
   M142=30946;829;T6W
   OpC;357;T6W
   !11;185;MI90:26685
   M125=30681;178;MS235:19732
   OfF;581;MD0:9107
   11;797;MI227:19456
   OmR;944;T2E
   OfF;825;T3W
   OmR;869;T4R
   !Of3;548;T2S
   M193=27164;704;MD20:29709
   !11;280;T6S
   !M105>23119;377;T1S
   !11;350;MI2:4762
   M136>22274;676;MS204:9735
   M169=18537;83;T6S
   F<1847;506;T5W
   !M112>25831;523;MS118:10044
   !F<212;140;MD52:1007
   F>182;828;MD223:13378
   !M92<4705;304;MD247:29961
   M43<7373;958;MS117:13379
 74)  57,   450, 36, 79
   !M151<9132;446;T5W
   !OpF;63;MD126:15626
   OfL;70;MD244:27341
   F<866;297;T6S
   OpL;514;MI149:14468
   !F<1212;469;MI45:3997
   !M181<30694;551;MS85:1661
   !F=1702;788;T0S
   11;542;MD7:8129
   !F>1076;966;T4W
   !M31=11990;399;MI146:3555
   !11;747;MD121:24640
   !OfF;607;T4E
   M240>26129;343;T6E
   !OfL;87;MD252:4320
   Op1;381;T0S
   !OpC;130;T5W
   Op4;181;T2W
   !M220>25656;961;T2W
   F<52;730;MS71:11394
   !M186<13407;931;MD228:3185
   !M89>17681;302;T0R
   11;190;T4R
   OfR;313;T2S
   !OpF;284;MI158:40
   !F<1844;658;T0S
   !M174>15492;906;MS44:20619
   M35>6435;65;MD124:24953
   !Op6;206;MI166:16189
   OpF;694;T1R
   OpL;21;MD176:5180
   OpF;209;T0R
 75)  96,   450, 12, 58
   !11;872;T7W
   !OmF;230;MI215:11239
   M239<15424;428;T3S
   !11;516;MS6:24863
   11;937;MS88:9302
   !Of3;7;MI201:5100
   !F=685;892;T6S
   11;450;T2W
   !F=704;857;MI33:23700
   !M174>25788;950;MS193:14752
   F>576;570;MI152:25565
   OmR;988;MD174:26096
   !11;55;MD176:10180
   !11;276;T0W
   !11;809;T2S
   M24>120;257;T0R
   !11;723;T2W
   !M46>19003;348;MS206:27874
   OmL;150;T7S
   OfR;124;T2S
   !M164=20182;129;T1R
   !M45>13059;224;MD102:19328
   F=1622;437;T5S
   OpL;453;T4R
   !11;176;MS15:17157
   M135=30071;846;T6E
   !OpL;306;MS110:3575
   Op7;36;T7W
   !M229<26733;420;T4W
   F<1831;247;MI49:28778
   OfL;138;T4W
   Om0;228;T2W
 76)  77,   450, 38, 67
   !11;229;MD48:22347
   !OfF;509;T4W
   F<925;346;MS168:10522
   OfL;504;MD56:4706
   !F<1334;886;T3E
   Om5;633;T7S
   !11;884;MD142:11480
   !F=166;710;MD225:8478
   !11;757;MS55:18469
   !M3<5965;407;MD61:11755
   !11;245;T1W
   !OmF;840;T3R
   M122<7006;901;MS6:32249
   !M101>31190;570;MD118:6562
   OpR;920;T5E
   11;652;MD160:23011
   F=965;670;T7W
   !M64>84;659;T3S
   F>1305;371;T6W
   !OfF;297;T1E
   !M141>3339;388;T2S
   11;585;T4R
   !11;682;T4S
   OfR;410;MD123:13466
   !OfR;596;T5R
   !F>832;704;MS146:22060
   11;219;MS51:25021
   !OpR;594;MS18:31580
   !F>1312;338;MS166:11263
   !OpR;2;MD14:11527
   !OpL;232;T3E
   !Op3;94;MS173:9059
 77)  39,   446,  0, 79
   Op3;430;T1E
   !OfL;185;T0E
   !M56=10700;865;T7W
   M138>25210;565;T6R
   !11;64;MD165:31939
   !11;971;MD239:15337
   M162<30629;664;MI195:2554
   !F>1710;160;T1R
   !11;846;T7R
   !11;453;T6S
   !F<1278;243;MI193:28345
   11;822;MD33:8988
   !11;346;T3R
   11;96;MS53:13076
   Om6;379;T6E
   !11;803;MD239:8049
   !M122>5899;954;T4W
   M61=19722;295;T6W
   OmL;738;T6S
   11;585;T6R
   11;536;T6S
   Om5;783;MS130:31130
   !Om1;17;T1S
   11;454;T5S
   !11;322;T6S
   !11;693;MI177:19511
   !OfA;830;T5S
   F=873;119;T4W
   !OpF;459;T1R
   !Of2;24;MI223:2041
   !11;690;MS8:15430
   11;976;T5E
 78)  86,   446, 48, 64
   OpL;954;MD106:28740
   !11;612;T0E
   11;80;MI231:11056
   !M112<2917;10;T7S
   OmF;800;MD166:29000
   !F=1329;912;MI41:8825
   M208=24943;563;MI89:31194
   !OfL;295;T6R
   F=1556;458;T0S
   !Op4;219;T1E
   !M221=16479;250;T1W
   11;930;T1R
   !M249<19266;896;MD10:22236
   !Om5;833;T5E
   !M132>24551;26;T0W
   !OmF;58;T4E
   11;504;T3W
   !M48<29247;812;MD16:28050
   !OmF;15;T7E
   M241=16373;618;T2S
   !OfL;450;T1E
   M98=23711;14;T5E
   !F>346;126;T7R
   !11;683;T1S
   11;744;T0W
   !OfF;756;T1E
   !OmL;417;T4R
   !F=67;231;MD169:971
   OfL;464;MD144:4793
   F<1377;866;MI11:6820
   !F>1179;318;T3W
   !F<996;300;T1S
 79)   5,   445,  2,  8
   !F<1553;96;T2R
   !M52<25775;643;T3E
   !11;739;MI226:15462
   !M107=18716;703;T6W
   !OmR;273;T4E
   !11;396;MI58:25475
   F<231;11;MS89:15143
   !M113<23887;619;MS40:6463
   OmR;812;MI29:27122
   11;960;T6W
   !F<1471;70;T0S
   11;214;T6E
   !F=416;57;T1R
   11;875;MS14:3686
   Of2;844;MD35:27310
   !OpL;693;T3W
   !F<1012;659;MI232:8387
   !11;821;T1E
   !11;693;MI131:11457
   !M240=14853;740;T3E
   !OpF;322;T7W
   F=138;772;T5S
   11;992;MI14:7886
   F=1070;695;MI105:24556
   M250<12257;79;T5W
   !11;338;MS19:6096
   OmB;617;T0R
   !M43>28785;968;T1R
   M49<14213;382;T3E
   OmL;799;T4E
   !M8<26623;686;MS8:14632
   !OmC;71;MI221:6557
 80)  54,   444, 29, 75
   M132<2027;117;MD208:27394
   M39>3733;755;T6S
   !OmF;39;MS195:558
   F<562;47;MI218:24639
   OpR;800;MI85:14953
   OfB;916;T3W
   !M102=22083;403;T4S
   !F<830;779;T5S
   !11;288;T6E
   !11;579;T1S
   11;215;MI246:25175
   !11;504;T6W
   !M17<5712;171;T7E
   M253=2847;575;MD182:12339
   !11;976;T5E
   M2=20467;919;MS168:18956
   OfL;182;MD84:16219
   11;196;MD36:25799
   F>1822;647;T2W
   OpL;720;T3R
   !F=947;110;MD185:4413
   M56=8736;553;MD120:31829
   !11;376;MI92:31893
   F=343;643;MD57:31288
   OfL;972;T2R
   !F<488;679;T1R
   11;595;T7R
   !M32<11199;768;T0W
   !Op6;415;T2S
   !OfF;316;T5R
   11;697;T5E
   F>512;524;MD131:7272
 81)  43,   443, 20, 61
   OmF;801;MD64:31892
   !M75>11799;352;MS202:26016
   M78=31493;450;T0R
   M85=10205;110;MI166:31761
   !F<1917;912;MD79:4287
   !F<581;831;MD161:23913
   11;522;T3W
   M13<25139;97;MS13:28538
   !F>1976;651;MS136:1584
   !OfR;187;MI20:26040
   !F=702;166;T7E
   !M118<78;230;MS150:4769
   !M108>29444;870;T3R
   !OpL;94;T0S
   !F<841;715;MI128:15340
   11;523;MI152:14571
   !M143=11014;989;T7S
   Of6;180;MS238:28139
   F<663;717;MS140:16827
   F<1154;210;T1R
   !F<1679;212;MD30:12960
   !F<1037;67;MI168:8392
   M51>22522;266;MI171:13199
   F=159;715;T2S
   !M98<1152;350;MD138:7158
   11;154;T6W
   !OfF;522;MI135:2737
   F=82;625;MS110:8799
   F=1805;947;T4E
   F>451;908;T5E
   !F>642;481;T2R
   OfB;482;T0W
 82)  21,   443, 43,  6
   !11;960;T0W
   !M217=18420;428;T5E
   11;756;MS203:18315
   F<1787;801;MI222:99
   11;820;T1W
   !F<1548;20;T2W
   M87<15692;732;MD168:7717
   !11;297;MS102:11551
   !11;364;MS158:30247
   !F>738;550;MD133:3743
   M103>20031;482;T3S
   !M19=30961;610;T3R
   !M15=6534;182;MD121:8666
   F=1657;456;MD170:14315
   M129=17663;522;MI76:26380
   !11;836;MS38:2525
   !OmF;429;T5R
   F>1661;144;MS138:23300
   !F>583;458;MI35:10777
   11;154;T0R
   OpR;756;T0E
   11;696;T0W
   M134<26654;326;MI75:20090
   11;495;MI223:16094
   11;835;T6R
   !OmF;905;MD61:3022
   !OpR;894;T2E
   F<1889;395;MD242:3616
   !OpF;656;MI109:2824
   M38=29745;46;T7S
   !M188=20303;648;T5E
   Op3;915;T4W
 83)  60,   442, 12, 19
   Om6;675;T4E
   F=1059;137;MD177:32486
   M233>4216;738;T7E
   !11;582;MS3:29070
   M118>18986;935;MS76:7981
   M106<21892;729;T4E
   F>859;722;T3E
   F=968;553;T0W
   !M57<30617;369;T7R
   M186>31923;701;T4E
   !F>821;907;MI148:19110
   F=1098;882;MI173:27878
   F>959;935;T2E
   !F<873;405;MD164:21280
   M189>8303;777;T1E
   F=1864;575;T2E
   11;174;T2E
   !M33<15812;404;MS252:503
   11;276;MI138:21832
   OfR;239;T3W
   !11;665;MD206:10498
   !M137>9381;279;T1E
   !OmB;928;MD68:30662
   M4<4843;477;T4S
   OpL;992;MI230:7393
   !F<1837;950;MD106:5697
   F<1158;845;T2W
   Of7;323;MI120:782
   !11;733;T6R
   OfR;274;T3S
   OpL;473;T5W
   Of7;119;T4W
 84)  73,   439,  2, 32
   M37<13394;284;T4R
   11;928;MS148:31251
   F=1225;445;MI157:24566
   M38<9239;322;T1W
   F>1;969;MD242:533
   OmC;14;T6E
   F<1044;445;MI10:19876
   !OmL;583;MS209:14938
   !11;984;MS255:28358
   !M112<19135;909;T2S
   !F>783;616;MD125:28613
   !M247>20093;366;T2E
   !OfL;792;T0W
   Op5;626;T6E
   11;358;MD90:29566
   11;151;T1W
   !M162>26993;763;T5R
   !Of2;555;MS202:25684
   OmR;479;T5E
   11;568;T3S
   F<1302;561;T0E
   OfL;333;T3S
   !OfA;709;MD195:6529
   !M233<18408;813;T1R
   !M234=10984;429;T3R
   !Om5;635;T3W
   F=920;803;MD186:27070
   !OpA;365;T3W
   !F=1369;184;MD183:31601
   M81>30490;56;T0S
   !11;784;MD154:11162
   F=586;378;MS47:15868
 85)  91,   439, 18,  0
   !11;885;T0S
   !Of3;160;T6W
   !11;30;T5E
   !M71=18412;103;MS13:1222
   F>436;39;MS139:23371
   M112>14248;514;MI160:15984
   11;908;T7E
   F>199;415;T1W
   M224<27597;420;T4W
   !11;748;T5S
   !M11<10777;12;T0S
   !M22>15899;834;MS85:16558
   !11;95;T3W
   11;17;T7S
   11;586;MS135:18342
   F=280;531;MD81:11835
   !11;973;MD4:25833
   11;451;T2R
   !F=92;117;MI71:10438
   M71>27009;796;T1E
   M165=29186;592;MI165:2741
   !Op0;258;T3R
   !11;492;T2W
   M207>15292;536;T2R
   OfL;79;MD113:24319
   !11;19;T6E
   11;382;MI177:14481
   OmL;564;MI8:18015
   OfL;598;MD98:20171
   11;131;T3R
   M6=4135;271;T3S
   !F=51;184;MI6:19253
 86)  71,   437, 20,  1
   OfL;670;T6E
   OpF;177;MD246:17132
   M191<145;540;MD124:10141
   !OfR;850;MS16:16746
   M204>25494;653;T5E
   11;648;MD111:24526
   M213>12591;113;MD94:9676
   F<944;111;MD191:4964
   Om1;298;MI38:7499
   F=994;8;T1W
   M156>1014;906;MS28:11673
   OfL;176;MS126:31625
   OmC;254;MI94:9642
   11;467;T3R
   !F<618;217;MD110:3502
   !OpC;700;T2E
   !F<1079;272;MD114:17336
   !11;414;T0E
   M219=25232;974;T2S
   11;45;T4R
   Of3;894;MI78:19052
   11;3;MI45:5146
   F=43;184;MD202:21510
   !F=1177;589;MS171:25070
   OfR;929;T3W
   M105>17827;918;T4E
   F=581;595;T5W
   11;599;MI151:27986
   F>1352;953;MI176:10893
   !Op2;937;MD197:1853
   !11;733;T4E
   !M98>26875;821;T4S
 87)   1,   437, 36, 24
   !Op3;22;T1S
   F<686;414;MS139:22912
   11;876;T4S
   F<1726;486;MI181:25507
   !M75=21131;746;T6R
   !M133<3526;354;T3S
   11;773;MS98:22408
   !OpL;18;T5S
   !11;431;MS100:21429
   !OfL;550;T3S
   M87<19922;102;T6S
   11;998;T5W
   !11;289;T2W
   !OmR;669;T4E
   !11;988;MI232:19374
   !11;489;MD240:5993
   OfA;41;T0W
   !F>1992;127;T0S
   !F>1307;410;MS173:5453
   11;802;MS86:12316
   M187=21079;650;T5W
   !F<224;904;T3S
   !M10<30673;67;MS29:19368
   11;580;T5R
   !F=756;997;T1S
   OmR;190;MS30:6492
   M194=57;448;MD118:16214
   !OmR;893;T0E
   !11;756;MD202:6540
   !OmB;24;T4R
   !M78<15789;52;T0R
   !OpR;32;MD204:14294
 88)  58,   436, 37, 62
   M137=13790;16;MD73:29166
   !Om7;575;T2E
   !F>477;599;T7R
   !Om5;15;T0R
   M154<4207;670;MD24:18063
   M9<262;683;T2E
   11;138;MD196:16243
   F=383;553;T4R
   F>1380;933;MI84:11250
   !F=203;761;MS80:22992
   M202=23796;266;T4W
   F>1785;509;T1E
   !OfR;758;T3W
   !F=401;558;T4R
   F=1087;595;MD144:11548
   !11;295;T0E
   OmR;69;MD46:18211
   11;933;MS31:29794
   !F<1733;659;T0E
   M82<17887;856;T5S
   !11;883;MS67:19552
   OpL;523;T3W
   M174=30045;683;T3W
   M97=17715;205;MS130:3680
   !M156>10644;46;T2S
   !OpR;498;MS233:2124
   !F<378;995;T0W
   11;787;MD132:17429
   F=1328;898;MI248:4905
   F=356;96;MD251:18733
   !11;178;MS76:20106
   !11;183;MI244:28844
 89)  56,   436, 24, 36
   !OfL;149;MI230:21484
   11;148;T2W
   M207=7379;929;T1R
   11;445;MD137:4113
   !11;312;MS187:9182
   M145=11465;365;T4E
   F=1700;6;MS221:31025
   OfL;651;MS76:13350
   Om7;21;T7S
   !11;988;MI173:23675
   Of0;705;MD137:13248
   M235<4393;113;MD131:11983
   !F>1705;701;T7S
   !M52>21307;391;MD166:24081
   F<873;954;MD12:18907
   OmR;707;T6R
   !Om4;791;MS78:21135
   !F=320;54;T5S
   M252>15519;839;T1R
   !11;792;T1E
   !11;984;MS63:9135
   !M153<16898;639;MS84:16111
   !M219>2557;53;T6E
   !F>114;301;MI35:15051
   !11;273;MI163:31359
   F<1426;19;MS108:20915
   !M12>14196;318;T6E
   !OfF;760;T4R
   !F=431;49;MI11:17067
   !F>294;490;MS117:17337
   !11;772;MS220:7658
   !11;142;MS150:14530
 90)  19,   436, 32, 21
   F>1417;156;MI217:5520
   M55>8878;361;T4W
   F<1000;697;T6E
   !OpC;637;MS181:22308
   11;69;MD110:4549
   11;298;T3R
   !11;746;MI62:24763
   !11;391;MI150:13047
   11;773;T4S
   !11;713;MI29:21100
   !11;231;T7S
   11;128;T7R
   F<1838;546;T2E
   !11;666;MI122:7539
   !M42>10791;235;MI12:22980
   !M237>24806;271;T7S
   F<1277;59;T3S
   11;523;T1S
   11;373;MS73:31515
   !Op1;28;MD182:16833
   !M86>22290;554;T1S
   !M95>14228;255;T0S
   !F>1496;59;T2S
   11;246;T0S
   !F<488;500;T4W
   !OfF;272;T4R
   !Om7;456;T7S
   !11;990;T7E
   !F<567;246;T0W
   11;818;T1R
   !Of2;170;T1R
   !11;279;T7S
 91)  26,   436, 49, 16
   !M92>7570;500;MS223:22221
   !OmR;532;T4R
   !M123=10313;365;T6R
   F>1052;875;MI249:29653
   !11;757;MI90:30850
   !11;167;MI252:22157
   !Om5;315;MS122:4254
   !11;361;MD50:30992
   F<1706;495;T4S
   F<1277;144;MI13:25994
   !11;827;MS244:10021
   !Of2;700;MS21:3639
   !M7>28135;277;T0E
   11;409;MS156:12957
   OmL;403;T5E
   M43<9637;248;T6S
   !F=1408;488;MS183:4198
   F=1931;115;T0S
   11;898;T2W
   !F<165;596;MD133:17765
   11;438;T4S
   M2>23882;230;T5E
   F=408;73;T6W
   11;849;T6R
   11;378;T5S
   OmF;652;MS225:12513
   11;688;T6W
   11;773;MS146:7627
   M37<23900;895;MD86:31204
   !OpL;746;MS210:18513
   11;21;T0E
   OmF;602;T6W
 92)  84,   435, 48, 68
   11;927;T5R
   11;456;T4R
   M151=435;217;MS131:19438
   !M250=27747;514;T3R
   11;504;T1W
   !11;184;MI4:2290
   !F<94;261;MS232:17739
   F>642;194;T2W
   !11;539;T5R
   !F=780;517;MS218:29514
   OfL;896;T1E
   !11;819;T3E
   !Of4;680;MD248:8891
   !11;400;MS3:18767
   M83=5716;208;T6S
   !OfF;4;T3W
   !F>1253;622;MI10:8961
   F<276;395;MS28:8659
   F=936;120;MD4:23925
   !F=1899;572;MS86:408
   !F>1297;411;T3E
   !11;331;MD197:13147
   !11;781;MS38:4354
   M122=24854;600;T5R
   11;719;MI86:12575
   F>1781;363;MS165:2111
   !F<1812;276;MS105:5784
   M245<3632;99;T2E
   !OpF;921;T5E
   M169<17604;326;MI146:8352
   !OfR;773;T6E
   !Om5;58;MI121:22180
 93)  98,   434, 10, 52
   !M28=26667;64;MI96:14932
   !M119<18699;34;T3E
   !Of6;818;T2S
   M130<13061;890;MI131:6641
   !M136=26181;196;T4R
   M130>17057;940;MD164:3595
   Om4;414;T5R
   !OpR;324;MD56:16832
   !M110<24820;576;T1E
   M182<26617;321;T6E
   11;168;MD194:10943
   !11;360;T1R
   !OmR;772;MS175:25315
   11;804;T4W
   !M79=13967;717;MI236:24810
   !M181>28949;140;T0R
   11;106;T7W
   !11;53;T0R
   Om7;449;T5E
   F<713;881;T0R
   11;975;MD40:31161
   OmF;194;T0E
   M226=11277;427;T2E
   !11;179;MS32:2826
   !F<1438;497;T7S
   Op4;87;MI14:3082
   !F<1894;336;MI78:22207
   F<830;32;T7R
   !F<617;272;MS163:27193
   F>219;724;MD191:18344
   F=1291;200;MI29:11458
   !OpR;104;T6E
 94)  16,   434, 28, 50
   !Om6;550;T0W
   !F=1080;637;MS72:31633
   Om5;102;MD195:14564
   !M29<9981;247;MD5:7632
   !11;19;T4R
   !OmF;902;MS198:20460
   !M147>28737;713;T4E
   !OmF;44;MI149:4336
   !F=363;511;T4R
   !M255=5311;616;T7R
   M179<32623;766;MD36:22335
   !M196>4320;446;MI87:27169
   M2=10875;142;T4E
   F>263;597;MI3:31220
   11;170;MS160:1693
   !F=438;63;T2E
   Of3;970;T0E
   OpF;520;MI167:3545
   !11;513;T0S
   11;430;MD18:1093
   !F=1643;11;MD143:21947
   F>77;540;MD56:7786
   !M246<14889;75;T7E
   !M119<22997;247;T4E
   !11;173;T3W
   M238>32406;426;MD15:18919
   !F<1257;947;T7S
   !F<1665;467;T4R
   !F<1844;511;T4R
   !F>1427;384;T1E
   !F=1857;299;MS38:29389
   !M203<14783;588;MD115:16047
 95)  38,   434, 40, 36
   !F=1119;239;T2E
   M157<6546;328;T3E
   M17>11739;8;T6E
   !F=539;819;MD229:2584
   !M56=22395;526;T6W
   !M145=18657;710;T5W
   11;974;T3W
   !F>1080;363;MI94:18239
   !F<1331;3;MD128:2828
   !11;493;MD4:9271
   OpF;11;T6S
   !OpA;469;T7R
   !11;756;MD98:7991
   11;880;T6E
   F=368;53;T3S
   !11;500;T7W
   !F>581;851;T6R
   !11;455;T3W
   !F<662;528;T3R
   !M99=150;633;T5E
   !M216=25743;758;MD63:7439
   F<112;947;T2W
   !F>709;429;MD233:5052
   F>526;212;T0E
   M133<27764;829;T5S
   !11;811;T0W
   F<138;97;MI64:17515
   !11;212;MD230:22375
   F>1835;115;T3S
   F=993;517;T1E
   !F>1446;574;MI244:19990
   !OfL;554;T0E
 96)  20,   430, 13, 14
   !M138=21825;651;T1R
   M16=15059;369;MI103:7715
   !OpR;115;MD17:23567
   !11;668;MD154:21088
   OfR;509;MD43:28758
   OpC;267;MS94:8373
   !M30>7633;833;T3W
   !F>823;819;T1S
   !M159=7025;288;MI169:14635
   11;363;T1R
   F=357;934;T6S
   11;807;T7S
   !M68=10741;596;MD173:6212
   !11;562;T4E
   !M214=20462;944;MS23:785
   OfR;515;MS13:5569
   11;945;T4E
   F=1522;205;MS90:10273
   !F<192;971;T4W
   OfL;119;MD173:21154
   !11;193;MI153:11753
   !11;482;MS183:609
   M198<16837;933;T7E
   F>1546;59;MI16:20451
   !11;300;T4R
   11;334;T5R
   !M17>29538;457;MI121:19716
   F<1370;295;MS9:9605
   OmF;634;MS59:2791
   11;336;T7W
   M108>17119;881;T6E
   M105=5155;885;T7W
 97)  90,   430, 10, 24
   OmF;174;MD237:14061
   F=1262;826;MD159:23401
   !F=257;737;MS37:9372
   M240=12850;968;MI95:29141
   OfL;972;T4W
   11;24;T0S
   !M92>32228;534;MD167:11536
   OfC;247;MD222:32404
   F<731;289;T7E
   OpF;903;T3W
   !F<533;761;MD110:1758
   !M210>1710;648;T3R
   11;762;MD144:8787
   !11;636;MI97:6502
   11;371;T7R
   F<257;500;T6W
   M149=28672;347;T6S
   11;793;T0W
   !M94<23354;62;MS130:17838
   !OpR;145;T5W
   !11;597;MS95:9735
   !11;600;T7E
   M124=14707;651;MD200:27620
   11;54;MI8:16558
   !Om0;315;T0S
   !F<381;153;MD142:403
   !F>261;10;T6E
   !11;909;MI116:5772
   11;421;T1E
   M103>20119;630;MI203:16014
   11;554;MD49:3069
   !F<1016;618;MI173:13789
 98)   0,   430, 10, 32
   !11;160;T7W
   !OmR;457;T0W
   F=96;894;MS196:13457
   11;604;MI153:20797
   !M159=18537;375;MD142:29656
   OmA;351;MS189:20054
   !11;804;MI222:29868
   !11;43;T7E
   !F>217;869;T5S
   OpF;545;MI76:15254
   !Op4;826;T6W
   M32>25720;524;T7S
   !11;322;MI58:9511
   !11;662;MI97:16278
   !11;382;T4W
   OfL;863;MD127:12454
   !11;357;T5S
   OfA;27;MS163:4312
   !M152=27981;14;MD157:7128
   OmF;367;T6R
   !11;798;T1W
   F>1710;66;MI77:17957
   F>1616;134;MD229:25873
   !11;361;T1R
   Om0;81;T3S
   M59>4098;931;MS15:11022
   !F<1892;837;T6W
   F>1051;954;MS149:8359
   !M111=234;940;T6W
   OmL;82;T6S
   !11;691;T4W
   11;727;T0R
 99)  41,   429, 16, 28
   Of4;687;T4E
   F=1536;935;T7R
   F=1385;692;T6E
   M38<28462;335;MI9:7254
   !11;820;T3R
   !F=1332;583;MS134:14072
   !M32>13525;70;T0R
   !OmF;590;MI53:22355
   !11;677;MI164:26577
   Om2;989;T1R
   !OmR;402;MS4:25394
   F>359;849;MI241:19491
   !F=1055;364;T4R
   OfF;694;T1W
   !OfF;928;T4S
   F>574;368;T3S
   F>254;713;T5W
   !11;916;MI179:126
   !OmF;886;T5W
   !M149=16416;709;T6W
   !M148<13460;371;T0W
   !11;769;T0R
   11;834;MS47:25038
   !M192=20341;464;T7W
   !OpF;34;T5S
   !M112=5900;187;T5S
   !OpL;455;MI168:17136
   !M190>17178;965;MI24:19702
   !F<414;264;T0E
   F<1358;145;MI98:3963
   !M231>32438;399;T7R
   !F=257;239;T5S
